ARM GAS  /tmp/ccCdrRZn.s 			page 1


   1              		.cpu cortex-m4
   2              		.eabi_attribute 27, 1
   3              		.eabi_attribute 28, 1
   4              		.eabi_attribute 20, 1
   5              		.eabi_attribute 21, 1
   6              		.eabi_attribute 23, 3
   7              		.eabi_attribute 24, 1
   8              		.eabi_attribute 25, 1
   9              		.eabi_attribute 26, 1
  10              		.eabi_attribute 30, 1
  11              		.eabi_attribute 34, 1
  12              		.eabi_attribute 18, 4
  13              		.file	"stm32l4xx_hal_gpio.c"
  14              		.text
  15              	.Ltext0:
  16              		.cfi_sections	.debug_frame
  17              		.section	.text.HAL_GPIO_Init,"ax",%progbits
  18              		.align	1
  19              		.global	HAL_GPIO_Init
  20              		.syntax unified
  21              		.thumb
  22              		.thumb_func
  23              		.fpu fpv4-sp-d16
  25              	HAL_GPIO_Init:
  26              	.LFB128:
  27              		.file 1 "Drivers/STM32L4xx_HAL_Driver/Src/stm32l4xx_hal_gpio.c"
   1:Drivers/STM32L4xx_HAL_Driver/Src/stm32l4xx_hal_gpio.c **** /**
   2:Drivers/STM32L4xx_HAL_Driver/Src/stm32l4xx_hal_gpio.c ****   ******************************************************************************
   3:Drivers/STM32L4xx_HAL_Driver/Src/stm32l4xx_hal_gpio.c ****   * @file    stm32l4xx_hal_gpio.c
   4:Drivers/STM32L4xx_HAL_Driver/Src/stm32l4xx_hal_gpio.c ****   * @author  MCD Application Team
   5:Drivers/STM32L4xx_HAL_Driver/Src/stm32l4xx_hal_gpio.c ****   * @version V1.7.2
   6:Drivers/STM32L4xx_HAL_Driver/Src/stm32l4xx_hal_gpio.c ****   * @date    16-June-2017
   7:Drivers/STM32L4xx_HAL_Driver/Src/stm32l4xx_hal_gpio.c ****   * @brief   GPIO HAL module driver.
   8:Drivers/STM32L4xx_HAL_Driver/Src/stm32l4xx_hal_gpio.c ****   *          This file provides firmware functions to manage the following
   9:Drivers/STM32L4xx_HAL_Driver/Src/stm32l4xx_hal_gpio.c ****   *          functionalities of the General Purpose Input/Output (GPIO) peripheral:
  10:Drivers/STM32L4xx_HAL_Driver/Src/stm32l4xx_hal_gpio.c ****   *           + Initialization and de-initialization functions
  11:Drivers/STM32L4xx_HAL_Driver/Src/stm32l4xx_hal_gpio.c ****   *           + IO operation functions
  12:Drivers/STM32L4xx_HAL_Driver/Src/stm32l4xx_hal_gpio.c ****   *
  13:Drivers/STM32L4xx_HAL_Driver/Src/stm32l4xx_hal_gpio.c ****   @verbatim
  14:Drivers/STM32L4xx_HAL_Driver/Src/stm32l4xx_hal_gpio.c ****   ==============================================================================
  15:Drivers/STM32L4xx_HAL_Driver/Src/stm32l4xx_hal_gpio.c ****                     ##### GPIO Peripheral features #####
  16:Drivers/STM32L4xx_HAL_Driver/Src/stm32l4xx_hal_gpio.c ****   ==============================================================================
  17:Drivers/STM32L4xx_HAL_Driver/Src/stm32l4xx_hal_gpio.c ****   [..]
  18:Drivers/STM32L4xx_HAL_Driver/Src/stm32l4xx_hal_gpio.c ****     (+) Each port bit of the general-purpose I/O (GPIO) ports can be individually
  19:Drivers/STM32L4xx_HAL_Driver/Src/stm32l4xx_hal_gpio.c ****         configured by software in several modes:
  20:Drivers/STM32L4xx_HAL_Driver/Src/stm32l4xx_hal_gpio.c ****         (++) Input mode
  21:Drivers/STM32L4xx_HAL_Driver/Src/stm32l4xx_hal_gpio.c ****         (++) Analog mode
  22:Drivers/STM32L4xx_HAL_Driver/Src/stm32l4xx_hal_gpio.c ****         (++) Output mode
  23:Drivers/STM32L4xx_HAL_Driver/Src/stm32l4xx_hal_gpio.c ****         (++) Alternate function mode
  24:Drivers/STM32L4xx_HAL_Driver/Src/stm32l4xx_hal_gpio.c ****         (++) External interrupt/event lines
  25:Drivers/STM32L4xx_HAL_Driver/Src/stm32l4xx_hal_gpio.c **** 
  26:Drivers/STM32L4xx_HAL_Driver/Src/stm32l4xx_hal_gpio.c ****     (+) During and just after reset, the alternate functions and external interrupt
  27:Drivers/STM32L4xx_HAL_Driver/Src/stm32l4xx_hal_gpio.c ****         lines are not active and the I/O ports are configured in input floating mode.
  28:Drivers/STM32L4xx_HAL_Driver/Src/stm32l4xx_hal_gpio.c **** 
  29:Drivers/STM32L4xx_HAL_Driver/Src/stm32l4xx_hal_gpio.c ****     (+) All GPIO pins have weak internal pull-up and pull-down resistors, which can be
  30:Drivers/STM32L4xx_HAL_Driver/Src/stm32l4xx_hal_gpio.c ****         activated or not.
  31:Drivers/STM32L4xx_HAL_Driver/Src/stm32l4xx_hal_gpio.c **** 
ARM GAS  /tmp/ccCdrRZn.s 			page 2


  32:Drivers/STM32L4xx_HAL_Driver/Src/stm32l4xx_hal_gpio.c ****     (+) In Output or Alternate mode, each IO can be configured on open-drain or push-pull
  33:Drivers/STM32L4xx_HAL_Driver/Src/stm32l4xx_hal_gpio.c ****         type and the IO speed can be selected depending on the VDD value.
  34:Drivers/STM32L4xx_HAL_Driver/Src/stm32l4xx_hal_gpio.c **** 
  35:Drivers/STM32L4xx_HAL_Driver/Src/stm32l4xx_hal_gpio.c ****     (+) The microcontroller IO pins are connected to onboard peripherals/modules through a
  36:Drivers/STM32L4xx_HAL_Driver/Src/stm32l4xx_hal_gpio.c ****         multiplexer that allows only one peripheral alternate function (AF) connected
  37:Drivers/STM32L4xx_HAL_Driver/Src/stm32l4xx_hal_gpio.c ****        to an IO pin at a time. In this way, there can be no conflict between peripherals
  38:Drivers/STM32L4xx_HAL_Driver/Src/stm32l4xx_hal_gpio.c ****        sharing the same IO pin.
  39:Drivers/STM32L4xx_HAL_Driver/Src/stm32l4xx_hal_gpio.c **** 
  40:Drivers/STM32L4xx_HAL_Driver/Src/stm32l4xx_hal_gpio.c ****     (+) All ports have external interrupt/event capability. To use external interrupt
  41:Drivers/STM32L4xx_HAL_Driver/Src/stm32l4xx_hal_gpio.c ****         lines, the port must be configured in input mode. All available GPIO pins are
  42:Drivers/STM32L4xx_HAL_Driver/Src/stm32l4xx_hal_gpio.c ****         connected to the 16 external interrupt/event lines from EXTI0 to EXTI15.
  43:Drivers/STM32L4xx_HAL_Driver/Src/stm32l4xx_hal_gpio.c **** 
  44:Drivers/STM32L4xx_HAL_Driver/Src/stm32l4xx_hal_gpio.c ****     (+) The external interrupt/event controller consists of up to 39 edge detectors
  45:Drivers/STM32L4xx_HAL_Driver/Src/stm32l4xx_hal_gpio.c ****         (16 lines are connected to GPIO) for generating event/interrupt requests (each
  46:Drivers/STM32L4xx_HAL_Driver/Src/stm32l4xx_hal_gpio.c ****         input line can be independently configured to select the type (interrupt or event)
  47:Drivers/STM32L4xx_HAL_Driver/Src/stm32l4xx_hal_gpio.c ****         and the corresponding trigger event (rising or falling or both). Each line can
  48:Drivers/STM32L4xx_HAL_Driver/Src/stm32l4xx_hal_gpio.c ****         also be masked independently.
  49:Drivers/STM32L4xx_HAL_Driver/Src/stm32l4xx_hal_gpio.c **** 
  50:Drivers/STM32L4xx_HAL_Driver/Src/stm32l4xx_hal_gpio.c ****                      ##### How to use this driver #####
  51:Drivers/STM32L4xx_HAL_Driver/Src/stm32l4xx_hal_gpio.c ****   ==============================================================================
  52:Drivers/STM32L4xx_HAL_Driver/Src/stm32l4xx_hal_gpio.c ****   [..]
  53:Drivers/STM32L4xx_HAL_Driver/Src/stm32l4xx_hal_gpio.c ****     (#) Enable the GPIO AHB clock using the following function: __HAL_RCC_GPIOx_CLK_ENABLE().
  54:Drivers/STM32L4xx_HAL_Driver/Src/stm32l4xx_hal_gpio.c **** 
  55:Drivers/STM32L4xx_HAL_Driver/Src/stm32l4xx_hal_gpio.c ****     (#) Configure the GPIO pin(s) using HAL_GPIO_Init().
  56:Drivers/STM32L4xx_HAL_Driver/Src/stm32l4xx_hal_gpio.c ****         (++) Configure the IO mode using "Mode" member from GPIO_InitTypeDef structure
  57:Drivers/STM32L4xx_HAL_Driver/Src/stm32l4xx_hal_gpio.c ****         (++) Activate Pull-up, Pull-down resistor using "Pull" member from GPIO_InitTypeDef
  58:Drivers/STM32L4xx_HAL_Driver/Src/stm32l4xx_hal_gpio.c ****              structure.
  59:Drivers/STM32L4xx_HAL_Driver/Src/stm32l4xx_hal_gpio.c ****         (++) In case of Output or alternate function mode selection: the speed is
  60:Drivers/STM32L4xx_HAL_Driver/Src/stm32l4xx_hal_gpio.c ****              configured through "Speed" member from GPIO_InitTypeDef structure.
  61:Drivers/STM32L4xx_HAL_Driver/Src/stm32l4xx_hal_gpio.c ****         (++) In alternate mode is selection, the alternate function connected to the IO
  62:Drivers/STM32L4xx_HAL_Driver/Src/stm32l4xx_hal_gpio.c ****              is configured through "Alternate" member from GPIO_InitTypeDef structure.
  63:Drivers/STM32L4xx_HAL_Driver/Src/stm32l4xx_hal_gpio.c ****         (++) Analog mode is required when a pin is to be used as ADC channel
  64:Drivers/STM32L4xx_HAL_Driver/Src/stm32l4xx_hal_gpio.c ****              or DAC output.
  65:Drivers/STM32L4xx_HAL_Driver/Src/stm32l4xx_hal_gpio.c ****         (++) In case of external interrupt/event selection the "Mode" member from
  66:Drivers/STM32L4xx_HAL_Driver/Src/stm32l4xx_hal_gpio.c ****              GPIO_InitTypeDef structure select the type (interrupt or event) and
  67:Drivers/STM32L4xx_HAL_Driver/Src/stm32l4xx_hal_gpio.c ****              the corresponding trigger event (rising or falling or both).
  68:Drivers/STM32L4xx_HAL_Driver/Src/stm32l4xx_hal_gpio.c **** 
  69:Drivers/STM32L4xx_HAL_Driver/Src/stm32l4xx_hal_gpio.c ****     (#) In case of external interrupt/event mode selection, configure NVIC IRQ priority
  70:Drivers/STM32L4xx_HAL_Driver/Src/stm32l4xx_hal_gpio.c ****         mapped to the EXTI line using HAL_NVIC_SetPriority() and enable it using
  71:Drivers/STM32L4xx_HAL_Driver/Src/stm32l4xx_hal_gpio.c ****         HAL_NVIC_EnableIRQ().
  72:Drivers/STM32L4xx_HAL_Driver/Src/stm32l4xx_hal_gpio.c **** 
  73:Drivers/STM32L4xx_HAL_Driver/Src/stm32l4xx_hal_gpio.c ****     (#) To get the level of a pin configured in input mode use HAL_GPIO_ReadPin().
  74:Drivers/STM32L4xx_HAL_Driver/Src/stm32l4xx_hal_gpio.c **** 
  75:Drivers/STM32L4xx_HAL_Driver/Src/stm32l4xx_hal_gpio.c ****     (#) To set/reset the level of a pin configured in output mode use
  76:Drivers/STM32L4xx_HAL_Driver/Src/stm32l4xx_hal_gpio.c ****         HAL_GPIO_WritePin()/HAL_GPIO_TogglePin().
  77:Drivers/STM32L4xx_HAL_Driver/Src/stm32l4xx_hal_gpio.c **** 
  78:Drivers/STM32L4xx_HAL_Driver/Src/stm32l4xx_hal_gpio.c ****    (#) To lock pin configuration until next reset use HAL_GPIO_LockPin().
  79:Drivers/STM32L4xx_HAL_Driver/Src/stm32l4xx_hal_gpio.c ****   
  80:Drivers/STM32L4xx_HAL_Driver/Src/stm32l4xx_hal_gpio.c ****     (#) During and just after reset, the alternate functions are not
  81:Drivers/STM32L4xx_HAL_Driver/Src/stm32l4xx_hal_gpio.c ****         active and the GPIO pins are configured in input floating mode (except JTAG
  82:Drivers/STM32L4xx_HAL_Driver/Src/stm32l4xx_hal_gpio.c ****         pins).
  83:Drivers/STM32L4xx_HAL_Driver/Src/stm32l4xx_hal_gpio.c **** 
  84:Drivers/STM32L4xx_HAL_Driver/Src/stm32l4xx_hal_gpio.c ****     (#) The LSE oscillator pins OSC32_IN and OSC32_OUT can be used as general purpose
  85:Drivers/STM32L4xx_HAL_Driver/Src/stm32l4xx_hal_gpio.c ****         (PC14 and PC15, respectively) when the LSE oscillator is off. The LSE has
  86:Drivers/STM32L4xx_HAL_Driver/Src/stm32l4xx_hal_gpio.c ****         priority over the GPIO function.
  87:Drivers/STM32L4xx_HAL_Driver/Src/stm32l4xx_hal_gpio.c **** 
  88:Drivers/STM32L4xx_HAL_Driver/Src/stm32l4xx_hal_gpio.c ****     (#) The HSE oscillator pins OSC_IN/OSC_OUT can be used as
ARM GAS  /tmp/ccCdrRZn.s 			page 3


  89:Drivers/STM32L4xx_HAL_Driver/Src/stm32l4xx_hal_gpio.c ****         general purpose PH0 and PH1, respectively, when the HSE oscillator is off.
  90:Drivers/STM32L4xx_HAL_Driver/Src/stm32l4xx_hal_gpio.c ****         The HSE has priority over the GPIO function.
  91:Drivers/STM32L4xx_HAL_Driver/Src/stm32l4xx_hal_gpio.c **** 
  92:Drivers/STM32L4xx_HAL_Driver/Src/stm32l4xx_hal_gpio.c ****   @endverbatim
  93:Drivers/STM32L4xx_HAL_Driver/Src/stm32l4xx_hal_gpio.c ****   ******************************************************************************
  94:Drivers/STM32L4xx_HAL_Driver/Src/stm32l4xx_hal_gpio.c ****   * @attention
  95:Drivers/STM32L4xx_HAL_Driver/Src/stm32l4xx_hal_gpio.c ****   *
  96:Drivers/STM32L4xx_HAL_Driver/Src/stm32l4xx_hal_gpio.c ****   * <h2><center>&copy; COPYRIGHT(c) 2017 STMicroelectronics</center></h2>
  97:Drivers/STM32L4xx_HAL_Driver/Src/stm32l4xx_hal_gpio.c ****   *
  98:Drivers/STM32L4xx_HAL_Driver/Src/stm32l4xx_hal_gpio.c ****   * Redistribution and use in source and binary forms, with or without modification,
  99:Drivers/STM32L4xx_HAL_Driver/Src/stm32l4xx_hal_gpio.c ****   * are permitted provided that the following conditions are met:
 100:Drivers/STM32L4xx_HAL_Driver/Src/stm32l4xx_hal_gpio.c ****   *   1. Redistributions of source code must retain the above copyright notice,
 101:Drivers/STM32L4xx_HAL_Driver/Src/stm32l4xx_hal_gpio.c ****   *      this list of conditions and the following disclaimer.
 102:Drivers/STM32L4xx_HAL_Driver/Src/stm32l4xx_hal_gpio.c ****   *   2. Redistributions in binary form must reproduce the above copyright notice,
 103:Drivers/STM32L4xx_HAL_Driver/Src/stm32l4xx_hal_gpio.c ****   *      this list of conditions and the following disclaimer in the documentation
 104:Drivers/STM32L4xx_HAL_Driver/Src/stm32l4xx_hal_gpio.c ****   *      and/or other materials provided with the distribution.
 105:Drivers/STM32L4xx_HAL_Driver/Src/stm32l4xx_hal_gpio.c ****   *   3. Neither the name of STMicroelectronics nor the names of its contributors
 106:Drivers/STM32L4xx_HAL_Driver/Src/stm32l4xx_hal_gpio.c ****   *      may be used to endorse or promote products derived from this software
 107:Drivers/STM32L4xx_HAL_Driver/Src/stm32l4xx_hal_gpio.c ****   *      without specific prior written permission.
 108:Drivers/STM32L4xx_HAL_Driver/Src/stm32l4xx_hal_gpio.c ****   *
 109:Drivers/STM32L4xx_HAL_Driver/Src/stm32l4xx_hal_gpio.c ****   * THIS SOFTWARE IS PROVIDED BY THE COPYRIGHT HOLDERS AND CONTRIBUTORS "AS IS"
 110:Drivers/STM32L4xx_HAL_Driver/Src/stm32l4xx_hal_gpio.c ****   * AND ANY EXPRESS OR IMPLIED WARRANTIES, INCLUDING, BUT NOT LIMITED TO, THE
 111:Drivers/STM32L4xx_HAL_Driver/Src/stm32l4xx_hal_gpio.c ****   * IMPLIED WARRANTIES OF MERCHANTABILITY AND FITNESS FOR A PARTICULAR PURPOSE ARE
 112:Drivers/STM32L4xx_HAL_Driver/Src/stm32l4xx_hal_gpio.c ****   * DISCLAIMED. IN NO EVENT SHALL THE COPYRIGHT HOLDER OR CONTRIBUTORS BE LIABLE
 113:Drivers/STM32L4xx_HAL_Driver/Src/stm32l4xx_hal_gpio.c ****   * FOR ANY DIRECT, INDIRECT, INCIDENTAL, SPECIAL, EXEMPLARY, OR CONSEQUENTIAL
 114:Drivers/STM32L4xx_HAL_Driver/Src/stm32l4xx_hal_gpio.c ****   * DAMAGES (INCLUDING, BUT NOT LIMITED TO, PROCUREMENT OF SUBSTITUTE GOODS OR
 115:Drivers/STM32L4xx_HAL_Driver/Src/stm32l4xx_hal_gpio.c ****   * SERVICES; LOSS OF USE, DATA, OR PROFITS; OR BUSINESS INTERRUPTION) HOWEVER
 116:Drivers/STM32L4xx_HAL_Driver/Src/stm32l4xx_hal_gpio.c ****   * CAUSED AND ON ANY THEORY OF LIABILITY, WHETHER IN CONTRACT, STRICT LIABILITY,
 117:Drivers/STM32L4xx_HAL_Driver/Src/stm32l4xx_hal_gpio.c ****   * OR TORT (INCLUDING NEGLIGENCE OR OTHERWISE) ARISING IN ANY WAY OUT OF THE USE
 118:Drivers/STM32L4xx_HAL_Driver/Src/stm32l4xx_hal_gpio.c ****   * OF THIS SOFTWARE, EVEN IF ADVISED OF THE POSSIBILITY OF SUCH DAMAGE.
 119:Drivers/STM32L4xx_HAL_Driver/Src/stm32l4xx_hal_gpio.c ****   *
 120:Drivers/STM32L4xx_HAL_Driver/Src/stm32l4xx_hal_gpio.c ****   ******************************************************************************
 121:Drivers/STM32L4xx_HAL_Driver/Src/stm32l4xx_hal_gpio.c ****   */
 122:Drivers/STM32L4xx_HAL_Driver/Src/stm32l4xx_hal_gpio.c **** 
 123:Drivers/STM32L4xx_HAL_Driver/Src/stm32l4xx_hal_gpio.c **** /* Includes ------------------------------------------------------------------*/
 124:Drivers/STM32L4xx_HAL_Driver/Src/stm32l4xx_hal_gpio.c **** #include "stm32l4xx_hal.h"
 125:Drivers/STM32L4xx_HAL_Driver/Src/stm32l4xx_hal_gpio.c **** 
 126:Drivers/STM32L4xx_HAL_Driver/Src/stm32l4xx_hal_gpio.c **** /** @addtogroup STM32L4xx_HAL_Driver
 127:Drivers/STM32L4xx_HAL_Driver/Src/stm32l4xx_hal_gpio.c ****   * @{
 128:Drivers/STM32L4xx_HAL_Driver/Src/stm32l4xx_hal_gpio.c ****   */
 129:Drivers/STM32L4xx_HAL_Driver/Src/stm32l4xx_hal_gpio.c **** 
 130:Drivers/STM32L4xx_HAL_Driver/Src/stm32l4xx_hal_gpio.c **** /** @defgroup GPIO GPIO
 131:Drivers/STM32L4xx_HAL_Driver/Src/stm32l4xx_hal_gpio.c ****   * @brief GPIO HAL module driver
 132:Drivers/STM32L4xx_HAL_Driver/Src/stm32l4xx_hal_gpio.c ****   * @{
 133:Drivers/STM32L4xx_HAL_Driver/Src/stm32l4xx_hal_gpio.c ****   */
 134:Drivers/STM32L4xx_HAL_Driver/Src/stm32l4xx_hal_gpio.c **** 
 135:Drivers/STM32L4xx_HAL_Driver/Src/stm32l4xx_hal_gpio.c **** #ifdef HAL_GPIO_MODULE_ENABLED
 136:Drivers/STM32L4xx_HAL_Driver/Src/stm32l4xx_hal_gpio.c **** 
 137:Drivers/STM32L4xx_HAL_Driver/Src/stm32l4xx_hal_gpio.c **** /* Private typedef -----------------------------------------------------------*/
 138:Drivers/STM32L4xx_HAL_Driver/Src/stm32l4xx_hal_gpio.c **** /* Private defines -----------------------------------------------------------*/
 139:Drivers/STM32L4xx_HAL_Driver/Src/stm32l4xx_hal_gpio.c **** /** @defgroup GPIO_Private_Defines GPIO Private Defines
 140:Drivers/STM32L4xx_HAL_Driver/Src/stm32l4xx_hal_gpio.c ****   * @{
 141:Drivers/STM32L4xx_HAL_Driver/Src/stm32l4xx_hal_gpio.c ****   */
 142:Drivers/STM32L4xx_HAL_Driver/Src/stm32l4xx_hal_gpio.c **** #define GPIO_MODE             ((uint32_t)0x00000003)
 143:Drivers/STM32L4xx_HAL_Driver/Src/stm32l4xx_hal_gpio.c **** #define ANALOG_MODE           ((uint32_t)0x00000008)
 144:Drivers/STM32L4xx_HAL_Driver/Src/stm32l4xx_hal_gpio.c **** #define EXTI_MODE             ((uint32_t)0x10000000)
 145:Drivers/STM32L4xx_HAL_Driver/Src/stm32l4xx_hal_gpio.c **** #define GPIO_MODE_IT          ((uint32_t)0x00010000)
ARM GAS  /tmp/ccCdrRZn.s 			page 4


 146:Drivers/STM32L4xx_HAL_Driver/Src/stm32l4xx_hal_gpio.c **** #define GPIO_MODE_EVT         ((uint32_t)0x00020000)
 147:Drivers/STM32L4xx_HAL_Driver/Src/stm32l4xx_hal_gpio.c **** #define RISING_EDGE           ((uint32_t)0x00100000)
 148:Drivers/STM32L4xx_HAL_Driver/Src/stm32l4xx_hal_gpio.c **** #define FALLING_EDGE          ((uint32_t)0x00200000)
 149:Drivers/STM32L4xx_HAL_Driver/Src/stm32l4xx_hal_gpio.c **** #define GPIO_OUTPUT_TYPE      ((uint32_t)0x00000010)
 150:Drivers/STM32L4xx_HAL_Driver/Src/stm32l4xx_hal_gpio.c **** 
 151:Drivers/STM32L4xx_HAL_Driver/Src/stm32l4xx_hal_gpio.c **** #define GPIO_NUMBER           ((uint32_t)16)
 152:Drivers/STM32L4xx_HAL_Driver/Src/stm32l4xx_hal_gpio.c **** /**
 153:Drivers/STM32L4xx_HAL_Driver/Src/stm32l4xx_hal_gpio.c ****   * @}
 154:Drivers/STM32L4xx_HAL_Driver/Src/stm32l4xx_hal_gpio.c ****   */
 155:Drivers/STM32L4xx_HAL_Driver/Src/stm32l4xx_hal_gpio.c ****   
 156:Drivers/STM32L4xx_HAL_Driver/Src/stm32l4xx_hal_gpio.c **** /* Private macros ------------------------------------------------------------*/
 157:Drivers/STM32L4xx_HAL_Driver/Src/stm32l4xx_hal_gpio.c **** /* Private macros ------------------------------------------------------------*/
 158:Drivers/STM32L4xx_HAL_Driver/Src/stm32l4xx_hal_gpio.c **** /** @defgroup GPIO_Private_Macros GPIO Private Macros
 159:Drivers/STM32L4xx_HAL_Driver/Src/stm32l4xx_hal_gpio.c ****   * @{
 160:Drivers/STM32L4xx_HAL_Driver/Src/stm32l4xx_hal_gpio.c ****   */
 161:Drivers/STM32L4xx_HAL_Driver/Src/stm32l4xx_hal_gpio.c **** /**
 162:Drivers/STM32L4xx_HAL_Driver/Src/stm32l4xx_hal_gpio.c ****   * @}
 163:Drivers/STM32L4xx_HAL_Driver/Src/stm32l4xx_hal_gpio.c ****   */
 164:Drivers/STM32L4xx_HAL_Driver/Src/stm32l4xx_hal_gpio.c **** /* Private variables ---------------------------------------------------------*/
 165:Drivers/STM32L4xx_HAL_Driver/Src/stm32l4xx_hal_gpio.c **** /* Private function prototypes -----------------------------------------------*/
 166:Drivers/STM32L4xx_HAL_Driver/Src/stm32l4xx_hal_gpio.c **** /* Exported functions --------------------------------------------------------*/
 167:Drivers/STM32L4xx_HAL_Driver/Src/stm32l4xx_hal_gpio.c **** 
 168:Drivers/STM32L4xx_HAL_Driver/Src/stm32l4xx_hal_gpio.c **** /** @defgroup GPIO_Exported_Functions GPIO Exported Functions
 169:Drivers/STM32L4xx_HAL_Driver/Src/stm32l4xx_hal_gpio.c ****   * @{
 170:Drivers/STM32L4xx_HAL_Driver/Src/stm32l4xx_hal_gpio.c ****   */
 171:Drivers/STM32L4xx_HAL_Driver/Src/stm32l4xx_hal_gpio.c **** 
 172:Drivers/STM32L4xx_HAL_Driver/Src/stm32l4xx_hal_gpio.c **** /** @defgroup GPIO_Exported_Functions_Group1 Initialization/de-initialization functions 
 173:Drivers/STM32L4xx_HAL_Driver/Src/stm32l4xx_hal_gpio.c ****  *  @brief    Initialization and Configuration functions
 174:Drivers/STM32L4xx_HAL_Driver/Src/stm32l4xx_hal_gpio.c ****  *
 175:Drivers/STM32L4xx_HAL_Driver/Src/stm32l4xx_hal_gpio.c **** @verbatim
 176:Drivers/STM32L4xx_HAL_Driver/Src/stm32l4xx_hal_gpio.c ****  ===============================================================================
 177:Drivers/STM32L4xx_HAL_Driver/Src/stm32l4xx_hal_gpio.c ****               ##### Initialization and de-initialization functions #####
 178:Drivers/STM32L4xx_HAL_Driver/Src/stm32l4xx_hal_gpio.c ****  ===============================================================================
 179:Drivers/STM32L4xx_HAL_Driver/Src/stm32l4xx_hal_gpio.c **** 
 180:Drivers/STM32L4xx_HAL_Driver/Src/stm32l4xx_hal_gpio.c **** @endverbatim
 181:Drivers/STM32L4xx_HAL_Driver/Src/stm32l4xx_hal_gpio.c ****   * @{
 182:Drivers/STM32L4xx_HAL_Driver/Src/stm32l4xx_hal_gpio.c ****   */
 183:Drivers/STM32L4xx_HAL_Driver/Src/stm32l4xx_hal_gpio.c **** 
 184:Drivers/STM32L4xx_HAL_Driver/Src/stm32l4xx_hal_gpio.c **** /**
 185:Drivers/STM32L4xx_HAL_Driver/Src/stm32l4xx_hal_gpio.c ****   * @brief  Initialize the GPIOx peripheral according to the specified parameters in the GPIO_Init.
 186:Drivers/STM32L4xx_HAL_Driver/Src/stm32l4xx_hal_gpio.c ****   * @param  GPIOx: where x can be (A..H) to select the GPIO peripheral for STM32L4 family
 187:Drivers/STM32L4xx_HAL_Driver/Src/stm32l4xx_hal_gpio.c ****   * @param  GPIO_Init: pointer to a GPIO_InitTypeDef structure that contains
 188:Drivers/STM32L4xx_HAL_Driver/Src/stm32l4xx_hal_gpio.c ****   *         the configuration information for the specified GPIO peripheral.
 189:Drivers/STM32L4xx_HAL_Driver/Src/stm32l4xx_hal_gpio.c ****   * @retval None
 190:Drivers/STM32L4xx_HAL_Driver/Src/stm32l4xx_hal_gpio.c ****   */
 191:Drivers/STM32L4xx_HAL_Driver/Src/stm32l4xx_hal_gpio.c **** void HAL_GPIO_Init(GPIO_TypeDef  *GPIOx, GPIO_InitTypeDef *GPIO_Init)
 192:Drivers/STM32L4xx_HAL_Driver/Src/stm32l4xx_hal_gpio.c **** {
  28              		.loc 1 192 0
  29              		.cfi_startproc
  30              		@ args = 0, pretend = 0, frame = 8
  31              		@ frame_needed = 0, uses_anonymous_args = 0
  32              		@ link register save eliminated.
  33              	.LVL0:
  34 0000 F0B4     		push	{r4, r5, r6, r7}
  35              	.LCFI0:
  36              		.cfi_def_cfa_offset 16
  37              		.cfi_offset 4, -16
ARM GAS  /tmp/ccCdrRZn.s 			page 5


  38              		.cfi_offset 5, -12
  39              		.cfi_offset 6, -8
  40              		.cfi_offset 7, -4
  41 0002 82B0     		sub	sp, sp, #8
  42              	.LCFI1:
  43              		.cfi_def_cfa_offset 24
  44              	.LVL1:
 193:Drivers/STM32L4xx_HAL_Driver/Src/stm32l4xx_hal_gpio.c ****   uint32_t position = 0x00;
  45              		.loc 1 193 0
  46 0004 0023     		movs	r3, #0
 194:Drivers/STM32L4xx_HAL_Driver/Src/stm32l4xx_hal_gpio.c ****   uint32_t iocurrent = 0x00;
 195:Drivers/STM32L4xx_HAL_Driver/Src/stm32l4xx_hal_gpio.c ****   uint32_t temp = 0x00;
 196:Drivers/STM32L4xx_HAL_Driver/Src/stm32l4xx_hal_gpio.c **** 
 197:Drivers/STM32L4xx_HAL_Driver/Src/stm32l4xx_hal_gpio.c ****   /* Check the parameters */
 198:Drivers/STM32L4xx_HAL_Driver/Src/stm32l4xx_hal_gpio.c ****   assert_param(IS_GPIO_ALL_INSTANCE(GPIOx));
 199:Drivers/STM32L4xx_HAL_Driver/Src/stm32l4xx_hal_gpio.c ****   assert_param(IS_GPIO_PIN(GPIO_Init->Pin));
 200:Drivers/STM32L4xx_HAL_Driver/Src/stm32l4xx_hal_gpio.c ****   assert_param(IS_GPIO_MODE(GPIO_Init->Mode));
 201:Drivers/STM32L4xx_HAL_Driver/Src/stm32l4xx_hal_gpio.c ****   assert_param(IS_GPIO_PULL(GPIO_Init->Pull));
 202:Drivers/STM32L4xx_HAL_Driver/Src/stm32l4xx_hal_gpio.c **** 
 203:Drivers/STM32L4xx_HAL_Driver/Src/stm32l4xx_hal_gpio.c ****   /* Configure the port pins */
 204:Drivers/STM32L4xx_HAL_Driver/Src/stm32l4xx_hal_gpio.c ****   while (((GPIO_Init->Pin) >> position) != RESET)
  47              		.loc 1 204 0
  48 0006 41E0     		b	.L2
  49              	.LVL2:
  50              	.L24:
 205:Drivers/STM32L4xx_HAL_Driver/Src/stm32l4xx_hal_gpio.c ****   {
 206:Drivers/STM32L4xx_HAL_Driver/Src/stm32l4xx_hal_gpio.c ****     /* Get current io position */
 207:Drivers/STM32L4xx_HAL_Driver/Src/stm32l4xx_hal_gpio.c ****     iocurrent = (GPIO_Init->Pin) & (1U << position);
 208:Drivers/STM32L4xx_HAL_Driver/Src/stm32l4xx_hal_gpio.c **** 
 209:Drivers/STM32L4xx_HAL_Driver/Src/stm32l4xx_hal_gpio.c ****     if(iocurrent)
 210:Drivers/STM32L4xx_HAL_Driver/Src/stm32l4xx_hal_gpio.c ****     {
 211:Drivers/STM32L4xx_HAL_Driver/Src/stm32l4xx_hal_gpio.c ****       /*--------------------- GPIO Mode Configuration ------------------------*/
 212:Drivers/STM32L4xx_HAL_Driver/Src/stm32l4xx_hal_gpio.c ****       /* In case of Alternate function mode selection */
 213:Drivers/STM32L4xx_HAL_Driver/Src/stm32l4xx_hal_gpio.c ****       if((GPIO_Init->Mode == GPIO_MODE_AF_PP) || (GPIO_Init->Mode == GPIO_MODE_AF_OD))
 214:Drivers/STM32L4xx_HAL_Driver/Src/stm32l4xx_hal_gpio.c ****       {
 215:Drivers/STM32L4xx_HAL_Driver/Src/stm32l4xx_hal_gpio.c ****         /* Check the Alternate function parameters */
 216:Drivers/STM32L4xx_HAL_Driver/Src/stm32l4xx_hal_gpio.c ****         assert_param(IS_GPIO_AF_INSTANCE(GPIOx));
 217:Drivers/STM32L4xx_HAL_Driver/Src/stm32l4xx_hal_gpio.c ****         assert_param(IS_GPIO_AF(GPIO_Init->Alternate));
 218:Drivers/STM32L4xx_HAL_Driver/Src/stm32l4xx_hal_gpio.c ****         
 219:Drivers/STM32L4xx_HAL_Driver/Src/stm32l4xx_hal_gpio.c ****         /* Configure Alternate function mapped with the current IO */
 220:Drivers/STM32L4xx_HAL_Driver/Src/stm32l4xx_hal_gpio.c ****         temp = GPIOx->AFR[position >> 3];
 221:Drivers/STM32L4xx_HAL_Driver/Src/stm32l4xx_hal_gpio.c ****         temp &= ~((uint32_t)0xF << ((uint32_t)(position & (uint32_t)0x07) * 4)) ;
 222:Drivers/STM32L4xx_HAL_Driver/Src/stm32l4xx_hal_gpio.c ****         temp |= ((uint32_t)(GPIO_Init->Alternate) << (((uint32_t)position & (uint32_t)0x07) * 4));
 223:Drivers/STM32L4xx_HAL_Driver/Src/stm32l4xx_hal_gpio.c ****         GPIOx->AFR[position >> 3] = temp;
 224:Drivers/STM32L4xx_HAL_Driver/Src/stm32l4xx_hal_gpio.c ****       }
 225:Drivers/STM32L4xx_HAL_Driver/Src/stm32l4xx_hal_gpio.c **** 
 226:Drivers/STM32L4xx_HAL_Driver/Src/stm32l4xx_hal_gpio.c ****       /* Configure IO Direction mode (Input, Output, Alternate or Analog) */
 227:Drivers/STM32L4xx_HAL_Driver/Src/stm32l4xx_hal_gpio.c ****       temp = GPIOx->MODER;
 228:Drivers/STM32L4xx_HAL_Driver/Src/stm32l4xx_hal_gpio.c ****       temp &= ~(GPIO_MODER_MODE0 << (position * 2));
 229:Drivers/STM32L4xx_HAL_Driver/Src/stm32l4xx_hal_gpio.c ****       temp |= ((GPIO_Init->Mode & GPIO_MODE) << (position * 2));
 230:Drivers/STM32L4xx_HAL_Driver/Src/stm32l4xx_hal_gpio.c ****       GPIOx->MODER = temp;
 231:Drivers/STM32L4xx_HAL_Driver/Src/stm32l4xx_hal_gpio.c **** 
 232:Drivers/STM32L4xx_HAL_Driver/Src/stm32l4xx_hal_gpio.c ****       /* In case of Output or Alternate function mode selection */
 233:Drivers/STM32L4xx_HAL_Driver/Src/stm32l4xx_hal_gpio.c ****       if((GPIO_Init->Mode == GPIO_MODE_OUTPUT_PP) || (GPIO_Init->Mode == GPIO_MODE_AF_PP) ||
 234:Drivers/STM32L4xx_HAL_Driver/Src/stm32l4xx_hal_gpio.c ****          (GPIO_Init->Mode == GPIO_MODE_OUTPUT_OD) || (GPIO_Init->Mode == GPIO_MODE_AF_OD))
 235:Drivers/STM32L4xx_HAL_Driver/Src/stm32l4xx_hal_gpio.c ****       {
 236:Drivers/STM32L4xx_HAL_Driver/Src/stm32l4xx_hal_gpio.c ****         /* Check the Speed parameter */
ARM GAS  /tmp/ccCdrRZn.s 			page 6


 237:Drivers/STM32L4xx_HAL_Driver/Src/stm32l4xx_hal_gpio.c ****         assert_param(IS_GPIO_SPEED(GPIO_Init->Speed));
 238:Drivers/STM32L4xx_HAL_Driver/Src/stm32l4xx_hal_gpio.c ****         /* Configure the IO Speed */
 239:Drivers/STM32L4xx_HAL_Driver/Src/stm32l4xx_hal_gpio.c ****         temp = GPIOx->OSPEEDR;
 240:Drivers/STM32L4xx_HAL_Driver/Src/stm32l4xx_hal_gpio.c ****         temp &= ~(GPIO_OSPEEDR_OSPEED0 << (position * 2));
 241:Drivers/STM32L4xx_HAL_Driver/Src/stm32l4xx_hal_gpio.c ****         temp |= (GPIO_Init->Speed << (position * 2));
 242:Drivers/STM32L4xx_HAL_Driver/Src/stm32l4xx_hal_gpio.c ****         GPIOx->OSPEEDR = temp;
 243:Drivers/STM32L4xx_HAL_Driver/Src/stm32l4xx_hal_gpio.c **** 
 244:Drivers/STM32L4xx_HAL_Driver/Src/stm32l4xx_hal_gpio.c ****         /* Configure the IO Output Type */
 245:Drivers/STM32L4xx_HAL_Driver/Src/stm32l4xx_hal_gpio.c ****         temp = GPIOx->OTYPER;
 246:Drivers/STM32L4xx_HAL_Driver/Src/stm32l4xx_hal_gpio.c ****         temp &= ~(GPIO_OTYPER_OT0 << position) ;
 247:Drivers/STM32L4xx_HAL_Driver/Src/stm32l4xx_hal_gpio.c ****         temp |= (((GPIO_Init->Mode & GPIO_OUTPUT_TYPE) >> 4) << position);
 248:Drivers/STM32L4xx_HAL_Driver/Src/stm32l4xx_hal_gpio.c ****         GPIOx->OTYPER = temp;
 249:Drivers/STM32L4xx_HAL_Driver/Src/stm32l4xx_hal_gpio.c ****       }
 250:Drivers/STM32L4xx_HAL_Driver/Src/stm32l4xx_hal_gpio.c **** 
 251:Drivers/STM32L4xx_HAL_Driver/Src/stm32l4xx_hal_gpio.c **** #if defined(STM32L471xx) || defined(STM32L475xx) || defined(STM32L476xx) || defined(STM32L485xx) ||
 252:Drivers/STM32L4xx_HAL_Driver/Src/stm32l4xx_hal_gpio.c **** 
 253:Drivers/STM32L4xx_HAL_Driver/Src/stm32l4xx_hal_gpio.c ****       /* In case of Analog mode, check if ADC control mode is selected */
 254:Drivers/STM32L4xx_HAL_Driver/Src/stm32l4xx_hal_gpio.c ****       if((GPIO_Init->Mode & GPIO_MODE_ANALOG) == GPIO_MODE_ANALOG)
 255:Drivers/STM32L4xx_HAL_Driver/Src/stm32l4xx_hal_gpio.c ****       {
 256:Drivers/STM32L4xx_HAL_Driver/Src/stm32l4xx_hal_gpio.c ****         /* Configure the IO Output Type */
 257:Drivers/STM32L4xx_HAL_Driver/Src/stm32l4xx_hal_gpio.c ****         temp = GPIOx->ASCR;
  51              		.loc 1 257 0
  52 0008 D0F82CC0 		ldr	ip, [r0, #44]
  53              	.LVL3:
 258:Drivers/STM32L4xx_HAL_Driver/Src/stm32l4xx_hal_gpio.c ****         temp &= ~(GPIO_ASCR_ASC0 << position) ;
  54              		.loc 1 258 0
  55 000c 2CEA040C 		bic	ip, ip, r4
  56              	.LVL4:
 259:Drivers/STM32L4xx_HAL_Driver/Src/stm32l4xx_hal_gpio.c ****         temp |= (((GPIO_Init->Mode & ANALOG_MODE) >> 3) << position);
  57              		.loc 1 259 0
  58 0010 C6F3C004 		ubfx	r4, r6, #3, #1
  59 0014 9C40     		lsls	r4, r4, r3
  60 0016 44EA0C04 		orr	r4, r4, ip
  61              	.LVL5:
 260:Drivers/STM32L4xx_HAL_Driver/Src/stm32l4xx_hal_gpio.c ****         GPIOx->ASCR = temp;
  62              		.loc 1 260 0
  63 001a C462     		str	r4, [r0, #44]
  64 001c 86E0     		b	.L8
  65              	.LVL6:
  66              	.L25:
 261:Drivers/STM32L4xx_HAL_Driver/Src/stm32l4xx_hal_gpio.c ****       }
 262:Drivers/STM32L4xx_HAL_Driver/Src/stm32l4xx_hal_gpio.c **** 
 263:Drivers/STM32L4xx_HAL_Driver/Src/stm32l4xx_hal_gpio.c **** #endif /* STM32L471xx || STM32L475xx || STM32L476xx || STM32L485xx || STM32L486xx */
 264:Drivers/STM32L4xx_HAL_Driver/Src/stm32l4xx_hal_gpio.c **** 
 265:Drivers/STM32L4xx_HAL_Driver/Src/stm32l4xx_hal_gpio.c ****       /* Activate the Pull-up or Pull down resistor for the current IO */
 266:Drivers/STM32L4xx_HAL_Driver/Src/stm32l4xx_hal_gpio.c ****       temp = GPIOx->PUPDR;
 267:Drivers/STM32L4xx_HAL_Driver/Src/stm32l4xx_hal_gpio.c ****       temp &= ~(GPIO_PUPDR_PUPD0 << (position * 2));
 268:Drivers/STM32L4xx_HAL_Driver/Src/stm32l4xx_hal_gpio.c ****       temp |= ((GPIO_Init->Pull) << (position * 2));
 269:Drivers/STM32L4xx_HAL_Driver/Src/stm32l4xx_hal_gpio.c ****       GPIOx->PUPDR = temp;
 270:Drivers/STM32L4xx_HAL_Driver/Src/stm32l4xx_hal_gpio.c **** 
 271:Drivers/STM32L4xx_HAL_Driver/Src/stm32l4xx_hal_gpio.c ****       /*--------------------- EXTI Mode Configuration ------------------------*/
 272:Drivers/STM32L4xx_HAL_Driver/Src/stm32l4xx_hal_gpio.c ****       /* Configure the External Interrupt or event for the current IO */
 273:Drivers/STM32L4xx_HAL_Driver/Src/stm32l4xx_hal_gpio.c ****       if((GPIO_Init->Mode & EXTI_MODE) == EXTI_MODE)
 274:Drivers/STM32L4xx_HAL_Driver/Src/stm32l4xx_hal_gpio.c ****       {
 275:Drivers/STM32L4xx_HAL_Driver/Src/stm32l4xx_hal_gpio.c ****         /* Enable SYSCFG Clock */
 276:Drivers/STM32L4xx_HAL_Driver/Src/stm32l4xx_hal_gpio.c ****         __HAL_RCC_SYSCFG_CLK_ENABLE();
 277:Drivers/STM32L4xx_HAL_Driver/Src/stm32l4xx_hal_gpio.c **** 
ARM GAS  /tmp/ccCdrRZn.s 			page 7


 278:Drivers/STM32L4xx_HAL_Driver/Src/stm32l4xx_hal_gpio.c ****         temp = SYSCFG->EXTICR[position >> 2];
 279:Drivers/STM32L4xx_HAL_Driver/Src/stm32l4xx_hal_gpio.c ****         temp &= ~(((uint32_t)0x0F) << (4 * (position & 0x03)));
 280:Drivers/STM32L4xx_HAL_Driver/Src/stm32l4xx_hal_gpio.c ****         temp |= (GPIO_GET_INDEX(GPIOx) << (4 * (position & 0x03)));
  67              		.loc 1 280 0
  68 001e 0624     		movs	r4, #6
  69 0020 00E0     		b	.L9
  70              	.L15:
  71 0022 0024     		movs	r4, #0
  72              	.L9:
  73              		.loc 1 280 0 is_stmt 0 discriminator 28
  74 0024 B440     		lsls	r4, r4, r6
  75 0026 3C43     		orrs	r4, r4, r7
  76              	.LVL7:
 281:Drivers/STM32L4xx_HAL_Driver/Src/stm32l4xx_hal_gpio.c ****         SYSCFG->EXTICR[position >> 2] = temp;
  77              		.loc 1 281 0 is_stmt 1 discriminator 28
  78 0028 0235     		adds	r5, r5, #2
  79 002a 664E     		ldr	r6, .L26
  80 002c 46F82540 		str	r4, [r6, r5, lsl #2]
 282:Drivers/STM32L4xx_HAL_Driver/Src/stm32l4xx_hal_gpio.c **** 
 283:Drivers/STM32L4xx_HAL_Driver/Src/stm32l4xx_hal_gpio.c ****         /* Clear EXTI line configuration */
 284:Drivers/STM32L4xx_HAL_Driver/Src/stm32l4xx_hal_gpio.c ****         temp = EXTI->IMR1;
  81              		.loc 1 284 0 discriminator 28
  82 0030 654C     		ldr	r4, .L26+4
  83              	.LVL8:
  84 0032 2568     		ldr	r5, [r4]
  85              	.LVL9:
 285:Drivers/STM32L4xx_HAL_Driver/Src/stm32l4xx_hal_gpio.c ****         temp &= ~((uint32_t)iocurrent);
  86              		.loc 1 285 0 discriminator 28
  87 0034 D443     		mvns	r4, r2
  88 0036 04EA0506 		and	r6, r4, r5
  89              	.LVL10:
 286:Drivers/STM32L4xx_HAL_Driver/Src/stm32l4xx_hal_gpio.c ****         if((GPIO_Init->Mode & GPIO_MODE_IT) == GPIO_MODE_IT)
  90              		.loc 1 286 0 discriminator 28
  91 003a 4F68     		ldr	r7, [r1, #4]
  92 003c 17F4803F 		tst	r7, #65536
  93 0040 01D0     		beq	.L10
 287:Drivers/STM32L4xx_HAL_Driver/Src/stm32l4xx_hal_gpio.c ****         {
 288:Drivers/STM32L4xx_HAL_Driver/Src/stm32l4xx_hal_gpio.c ****           temp |= iocurrent;
  94              		.loc 1 288 0
  95 0042 42EA0506 		orr	r6, r2, r5
  96              	.LVL11:
  97              	.L10:
 289:Drivers/STM32L4xx_HAL_Driver/Src/stm32l4xx_hal_gpio.c ****         }
 290:Drivers/STM32L4xx_HAL_Driver/Src/stm32l4xx_hal_gpio.c ****         EXTI->IMR1 = temp;
  98              		.loc 1 290 0
  99 0046 604D     		ldr	r5, .L26+4
 100 0048 2E60     		str	r6, [r5]
 291:Drivers/STM32L4xx_HAL_Driver/Src/stm32l4xx_hal_gpio.c **** 
 292:Drivers/STM32L4xx_HAL_Driver/Src/stm32l4xx_hal_gpio.c ****         temp = EXTI->EMR1;
 101              		.loc 1 292 0
 102 004a 6D68     		ldr	r5, [r5, #4]
 103              	.LVL12:
 293:Drivers/STM32L4xx_HAL_Driver/Src/stm32l4xx_hal_gpio.c ****         temp &= ~((uint32_t)iocurrent);
 104              		.loc 1 293 0
 105 004c 04EA0506 		and	r6, r4, r5
 106              	.LVL13:
 294:Drivers/STM32L4xx_HAL_Driver/Src/stm32l4xx_hal_gpio.c ****         if((GPIO_Init->Mode & GPIO_MODE_EVT) == GPIO_MODE_EVT)
ARM GAS  /tmp/ccCdrRZn.s 			page 8


 107              		.loc 1 294 0
 108 0050 4F68     		ldr	r7, [r1, #4]
 109 0052 17F4003F 		tst	r7, #131072
 110 0056 01D0     		beq	.L11
 295:Drivers/STM32L4xx_HAL_Driver/Src/stm32l4xx_hal_gpio.c ****         {
 296:Drivers/STM32L4xx_HAL_Driver/Src/stm32l4xx_hal_gpio.c ****           temp |= iocurrent;
 111              		.loc 1 296 0
 112 0058 42EA0506 		orr	r6, r2, r5
 113              	.LVL14:
 114              	.L11:
 297:Drivers/STM32L4xx_HAL_Driver/Src/stm32l4xx_hal_gpio.c ****         }
 298:Drivers/STM32L4xx_HAL_Driver/Src/stm32l4xx_hal_gpio.c ****         EXTI->EMR1 = temp;
 115              		.loc 1 298 0
 116 005c 5A4D     		ldr	r5, .L26+4
 117 005e 6E60     		str	r6, [r5, #4]
 299:Drivers/STM32L4xx_HAL_Driver/Src/stm32l4xx_hal_gpio.c **** 
 300:Drivers/STM32L4xx_HAL_Driver/Src/stm32l4xx_hal_gpio.c ****         /* Clear Rising Falling edge configuration */
 301:Drivers/STM32L4xx_HAL_Driver/Src/stm32l4xx_hal_gpio.c ****         temp = EXTI->RTSR1;
 118              		.loc 1 301 0
 119 0060 AD68     		ldr	r5, [r5, #8]
 120              	.LVL15:
 302:Drivers/STM32L4xx_HAL_Driver/Src/stm32l4xx_hal_gpio.c ****         temp &= ~((uint32_t)iocurrent);
 121              		.loc 1 302 0
 122 0062 04EA0506 		and	r6, r4, r5
 123              	.LVL16:
 303:Drivers/STM32L4xx_HAL_Driver/Src/stm32l4xx_hal_gpio.c ****         if((GPIO_Init->Mode & RISING_EDGE) == RISING_EDGE)
 124              		.loc 1 303 0
 125 0066 4F68     		ldr	r7, [r1, #4]
 126 0068 17F4801F 		tst	r7, #1048576
 127 006c 01D0     		beq	.L12
 304:Drivers/STM32L4xx_HAL_Driver/Src/stm32l4xx_hal_gpio.c ****         {
 305:Drivers/STM32L4xx_HAL_Driver/Src/stm32l4xx_hal_gpio.c ****           temp |= iocurrent;
 128              		.loc 1 305 0
 129 006e 42EA0506 		orr	r6, r2, r5
 130              	.LVL17:
 131              	.L12:
 306:Drivers/STM32L4xx_HAL_Driver/Src/stm32l4xx_hal_gpio.c ****         }
 307:Drivers/STM32L4xx_HAL_Driver/Src/stm32l4xx_hal_gpio.c ****         EXTI->RTSR1 = temp;
 132              		.loc 1 307 0
 133 0072 554D     		ldr	r5, .L26+4
 134 0074 AE60     		str	r6, [r5, #8]
 308:Drivers/STM32L4xx_HAL_Driver/Src/stm32l4xx_hal_gpio.c **** 
 309:Drivers/STM32L4xx_HAL_Driver/Src/stm32l4xx_hal_gpio.c ****         temp = EXTI->FTSR1;
 135              		.loc 1 309 0
 136 0076 ED68     		ldr	r5, [r5, #12]
 137              	.LVL18:
 310:Drivers/STM32L4xx_HAL_Driver/Src/stm32l4xx_hal_gpio.c ****         temp &= ~((uint32_t)iocurrent);
 138              		.loc 1 310 0
 139 0078 2C40     		ands	r4, r4, r5
 140              	.LVL19:
 311:Drivers/STM32L4xx_HAL_Driver/Src/stm32l4xx_hal_gpio.c ****         if((GPIO_Init->Mode & FALLING_EDGE) == FALLING_EDGE)
 141              		.loc 1 311 0
 142 007a 4E68     		ldr	r6, [r1, #4]
 143 007c 16F4001F 		tst	r6, #2097152
 144 0080 01D0     		beq	.L13
 312:Drivers/STM32L4xx_HAL_Driver/Src/stm32l4xx_hal_gpio.c ****         {
 313:Drivers/STM32L4xx_HAL_Driver/Src/stm32l4xx_hal_gpio.c ****           temp |= iocurrent;
ARM GAS  /tmp/ccCdrRZn.s 			page 9


 145              		.loc 1 313 0
 146 0082 42EA0504 		orr	r4, r2, r5
 147              	.LVL20:
 148              	.L13:
 314:Drivers/STM32L4xx_HAL_Driver/Src/stm32l4xx_hal_gpio.c ****         }
 315:Drivers/STM32L4xx_HAL_Driver/Src/stm32l4xx_hal_gpio.c ****         EXTI->FTSR1 = temp;
 149              		.loc 1 315 0
 150 0086 504A     		ldr	r2, .L26+4
 151              	.LVL21:
 152 0088 D460     		str	r4, [r2, #12]
 153              	.LVL22:
 154              	.L3:
 316:Drivers/STM32L4xx_HAL_Driver/Src/stm32l4xx_hal_gpio.c ****       }
 317:Drivers/STM32L4xx_HAL_Driver/Src/stm32l4xx_hal_gpio.c ****     }
 318:Drivers/STM32L4xx_HAL_Driver/Src/stm32l4xx_hal_gpio.c ****     
 319:Drivers/STM32L4xx_HAL_Driver/Src/stm32l4xx_hal_gpio.c ****     position++;
 155              		.loc 1 319 0
 156 008a 0133     		adds	r3, r3, #1
 157              	.LVL23:
 158              	.L2:
 204:Drivers/STM32L4xx_HAL_Driver/Src/stm32l4xx_hal_gpio.c ****   {
 159              		.loc 1 204 0
 160 008c 0A68     		ldr	r2, [r1]
 161 008e 32FA03F4 		lsrs	r4, r2, r3
 162 0092 00F09380 		beq	.L23
 207:Drivers/STM32L4xx_HAL_Driver/Src/stm32l4xx_hal_gpio.c **** 
 163              		.loc 1 207 0
 164 0096 0124     		movs	r4, #1
 165 0098 9C40     		lsls	r4, r4, r3
 166              	.LVL24:
 209:Drivers/STM32L4xx_HAL_Driver/Src/stm32l4xx_hal_gpio.c ****     {
 167              		.loc 1 209 0
 168 009a 2240     		ands	r2, r4, r2
 169              	.LVL25:
 170 009c F5D0     		beq	.L3
 213:Drivers/STM32L4xx_HAL_Driver/Src/stm32l4xx_hal_gpio.c ****       {
 171              		.loc 1 213 0
 172 009e 4D68     		ldr	r5, [r1, #4]
 173 00a0 022D     		cmp	r5, #2
 174 00a2 01D0     		beq	.L4
 213:Drivers/STM32L4xx_HAL_Driver/Src/stm32l4xx_hal_gpio.c ****       {
 175              		.loc 1 213 0 is_stmt 0 discriminator 1
 176 00a4 122D     		cmp	r5, #18
 177 00a6 10D1     		bne	.L5
 178              	.L4:
 220:Drivers/STM32L4xx_HAL_Driver/Src/stm32l4xx_hal_gpio.c ****         temp &= ~((uint32_t)0xF << ((uint32_t)(position & (uint32_t)0x07) * 4)) ;
 179              		.loc 1 220 0 is_stmt 1
 180 00a8 DE08     		lsrs	r6, r3, #3
 181 00aa 0836     		adds	r6, r6, #8
 182 00ac 50F826C0 		ldr	ip, [r0, r6, lsl #2]
 183              	.LVL26:
 221:Drivers/STM32L4xx_HAL_Driver/Src/stm32l4xx_hal_gpio.c ****         temp |= ((uint32_t)(GPIO_Init->Alternate) << (((uint32_t)position & (uint32_t)0x07) * 4));
 184              		.loc 1 221 0
 185 00b0 03F00705 		and	r5, r3, #7
 186 00b4 AF00     		lsls	r7, r5, #2
 187 00b6 0F25     		movs	r5, #15
 188 00b8 BD40     		lsls	r5, r5, r7
ARM GAS  /tmp/ccCdrRZn.s 			page 10


 189 00ba 2CEA050C 		bic	ip, ip, r5
 190              	.LVL27:
 222:Drivers/STM32L4xx_HAL_Driver/Src/stm32l4xx_hal_gpio.c ****         GPIOx->AFR[position >> 3] = temp;
 191              		.loc 1 222 0
 192 00be 0D69     		ldr	r5, [r1, #16]
 193 00c0 BD40     		lsls	r5, r5, r7
 194 00c2 45EA0C05 		orr	r5, r5, ip
 195              	.LVL28:
 223:Drivers/STM32L4xx_HAL_Driver/Src/stm32l4xx_hal_gpio.c ****       }
 196              		.loc 1 223 0
 197 00c6 40F82650 		str	r5, [r0, r6, lsl #2]
 198              	.LVL29:
 199              	.L5:
 227:Drivers/STM32L4xx_HAL_Driver/Src/stm32l4xx_hal_gpio.c ****       temp &= ~(GPIO_MODER_MODE0 << (position * 2));
 200              		.loc 1 227 0
 201 00ca 0668     		ldr	r6, [r0]
 202              	.LVL30:
 228:Drivers/STM32L4xx_HAL_Driver/Src/stm32l4xx_hal_gpio.c ****       temp |= ((GPIO_Init->Mode & GPIO_MODE) << (position * 2));
 203              		.loc 1 228 0
 204 00cc 5F00     		lsls	r7, r3, #1
 205 00ce 0325     		movs	r5, #3
 206 00d0 BD40     		lsls	r5, r5, r7
 207 00d2 ED43     		mvns	r5, r5
 208 00d4 05EA060C 		and	ip, r5, r6
 209              	.LVL31:
 229:Drivers/STM32L4xx_HAL_Driver/Src/stm32l4xx_hal_gpio.c ****       GPIOx->MODER = temp;
 210              		.loc 1 229 0
 211 00d8 4E68     		ldr	r6, [r1, #4]
 212 00da 06F00306 		and	r6, r6, #3
 213 00de BE40     		lsls	r6, r6, r7
 214 00e0 46EA0C06 		orr	r6, r6, ip
 215              	.LVL32:
 230:Drivers/STM32L4xx_HAL_Driver/Src/stm32l4xx_hal_gpio.c **** 
 216              		.loc 1 230 0
 217 00e4 0660     		str	r6, [r0]
 233:Drivers/STM32L4xx_HAL_Driver/Src/stm32l4xx_hal_gpio.c ****          (GPIO_Init->Mode == GPIO_MODE_OUTPUT_OD) || (GPIO_Init->Mode == GPIO_MODE_AF_OD))
 218              		.loc 1 233 0
 219 00e6 4E68     		ldr	r6, [r1, #4]
 220              	.LVL33:
 221 00e8 06F1FF3C 		add	ip, r6, #-1
 222 00ec BCF1010F 		cmp	ip, #1
 223 00f0 03D9     		bls	.L6
 233:Drivers/STM32L4xx_HAL_Driver/Src/stm32l4xx_hal_gpio.c ****          (GPIO_Init->Mode == GPIO_MODE_OUTPUT_OD) || (GPIO_Init->Mode == GPIO_MODE_AF_OD))
 224              		.loc 1 233 0 is_stmt 0 discriminator 1
 225 00f2 112E     		cmp	r6, #17
 226 00f4 01D0     		beq	.L6
 234:Drivers/STM32L4xx_HAL_Driver/Src/stm32l4xx_hal_gpio.c ****       {
 227              		.loc 1 234 0 is_stmt 1
 228 00f6 122E     		cmp	r6, #18
 229 00f8 11D1     		bne	.L7
 230              	.L6:
 239:Drivers/STM32L4xx_HAL_Driver/Src/stm32l4xx_hal_gpio.c ****         temp &= ~(GPIO_OSPEEDR_OSPEED0 << (position * 2));
 231              		.loc 1 239 0
 232 00fa 8668     		ldr	r6, [r0, #8]
 233              	.LVL34:
 240:Drivers/STM32L4xx_HAL_Driver/Src/stm32l4xx_hal_gpio.c ****         temp |= (GPIO_Init->Speed << (position * 2));
 234              		.loc 1 240 0
ARM GAS  /tmp/ccCdrRZn.s 			page 11


 235 00fc 05EA060C 		and	ip, r5, r6
 236              	.LVL35:
 241:Drivers/STM32L4xx_HAL_Driver/Src/stm32l4xx_hal_gpio.c ****         GPIOx->OSPEEDR = temp;
 237              		.loc 1 241 0
 238 0100 CE68     		ldr	r6, [r1, #12]
 239 0102 BE40     		lsls	r6, r6, r7
 240 0104 46EA0C06 		orr	r6, r6, ip
 241              	.LVL36:
 242:Drivers/STM32L4xx_HAL_Driver/Src/stm32l4xx_hal_gpio.c **** 
 242              		.loc 1 242 0
 243 0108 8660     		str	r6, [r0, #8]
 245:Drivers/STM32L4xx_HAL_Driver/Src/stm32l4xx_hal_gpio.c ****         temp &= ~(GPIO_OTYPER_OT0 << position) ;
 244              		.loc 1 245 0
 245 010a 4668     		ldr	r6, [r0, #4]
 246              	.LVL37:
 246:Drivers/STM32L4xx_HAL_Driver/Src/stm32l4xx_hal_gpio.c ****         temp |= (((GPIO_Init->Mode & GPIO_OUTPUT_TYPE) >> 4) << position);
 247              		.loc 1 246 0
 248 010c 26EA040C 		bic	ip, r6, r4
 249              	.LVL38:
 247:Drivers/STM32L4xx_HAL_Driver/Src/stm32l4xx_hal_gpio.c ****         GPIOx->OTYPER = temp;
 250              		.loc 1 247 0
 251 0110 4E68     		ldr	r6, [r1, #4]
 252 0112 C6F30016 		ubfx	r6, r6, #4, #1
 253 0116 9E40     		lsls	r6, r6, r3
 254 0118 46EA0C06 		orr	r6, r6, ip
 255              	.LVL39:
 248:Drivers/STM32L4xx_HAL_Driver/Src/stm32l4xx_hal_gpio.c ****       }
 256              		.loc 1 248 0
 257 011c 4660     		str	r6, [r0, #4]
 258              	.LVL40:
 259              	.L7:
 254:Drivers/STM32L4xx_HAL_Driver/Src/stm32l4xx_hal_gpio.c ****       {
 260              		.loc 1 254 0
 261 011e 4E68     		ldr	r6, [r1, #4]
 262 0120 06F0030C 		and	ip, r6, #3
 263 0124 BCF1030F 		cmp	ip, #3
 264 0128 3FF46EAF 		beq	.L24
 265              	.L8:
 266:Drivers/STM32L4xx_HAL_Driver/Src/stm32l4xx_hal_gpio.c ****       temp &= ~(GPIO_PUPDR_PUPD0 << (position * 2));
 266              		.loc 1 266 0
 267 012c C468     		ldr	r4, [r0, #12]
 268              	.LVL41:
 267:Drivers/STM32L4xx_HAL_Driver/Src/stm32l4xx_hal_gpio.c ****       temp |= ((GPIO_Init->Pull) << (position * 2));
 269              		.loc 1 267 0
 270 012e 2540     		ands	r5, r5, r4
 271              	.LVL42:
 268:Drivers/STM32L4xx_HAL_Driver/Src/stm32l4xx_hal_gpio.c ****       GPIOx->PUPDR = temp;
 272              		.loc 1 268 0
 273 0130 8C68     		ldr	r4, [r1, #8]
 274 0132 BC40     		lsls	r4, r4, r7
 275 0134 2C43     		orrs	r4, r4, r5
 276              	.LVL43:
 269:Drivers/STM32L4xx_HAL_Driver/Src/stm32l4xx_hal_gpio.c **** 
 277              		.loc 1 269 0
 278 0136 C460     		str	r4, [r0, #12]
 273:Drivers/STM32L4xx_HAL_Driver/Src/stm32l4xx_hal_gpio.c ****       {
 279              		.loc 1 273 0
ARM GAS  /tmp/ccCdrRZn.s 			page 12


 280 0138 4C68     		ldr	r4, [r1, #4]
 281              	.LVL44:
 282 013a 14F0805F 		tst	r4, #268435456
 283 013e A4D0     		beq	.L3
 284              	.LBB2:
 276:Drivers/STM32L4xx_HAL_Driver/Src/stm32l4xx_hal_gpio.c **** 
 285              		.loc 1 276 0
 286 0140 224C     		ldr	r4, .L26+8
 287 0142 256E     		ldr	r5, [r4, #96]
 288 0144 45F00105 		orr	r5, r5, #1
 289 0148 2566     		str	r5, [r4, #96]
 290              	.LVL45:
 291 014a 246E     		ldr	r4, [r4, #96]
 292 014c 04F00104 		and	r4, r4, #1
 293 0150 0194     		str	r4, [sp, #4]
 294 0152 019C     		ldr	r4, [sp, #4]
 295              	.LBE2:
 278:Drivers/STM32L4xx_HAL_Driver/Src/stm32l4xx_hal_gpio.c ****         temp &= ~(((uint32_t)0x0F) << (4 * (position & 0x03)));
 296              		.loc 1 278 0
 297 0154 9D08     		lsrs	r5, r3, #2
 298 0156 AE1C     		adds	r6, r5, #2
 299 0158 1A4C     		ldr	r4, .L26
 300 015a 54F82670 		ldr	r7, [r4, r6, lsl #2]
 301              	.LVL46:
 279:Drivers/STM32L4xx_HAL_Driver/Src/stm32l4xx_hal_gpio.c ****         temp |= (GPIO_GET_INDEX(GPIOx) << (4 * (position & 0x03)));
 302              		.loc 1 279 0
 303 015e 03F00304 		and	r4, r3, #3
 304 0162 A600     		lsls	r6, r4, #2
 305 0164 0F24     		movs	r4, #15
 306 0166 B440     		lsls	r4, r4, r6
 307 0168 27EA0407 		bic	r7, r7, r4
 308              	.LVL47:
 280:Drivers/STM32L4xx_HAL_Driver/Src/stm32l4xx_hal_gpio.c ****         SYSCFG->EXTICR[position >> 2] = temp;
 309              		.loc 1 280 0
 310 016c B0F1904F 		cmp	r0, #1207959552
 311 0170 3FF457AF 		beq	.L15
 280:Drivers/STM32L4xx_HAL_Driver/Src/stm32l4xx_hal_gpio.c ****         SYSCFG->EXTICR[position >> 2] = temp;
 312              		.loc 1 280 0 is_stmt 0 discriminator 1
 313 0174 164C     		ldr	r4, .L26+12
 314 0176 A042     		cmp	r0, r4
 315 0178 16D0     		beq	.L16
 280:Drivers/STM32L4xx_HAL_Driver/Src/stm32l4xx_hal_gpio.c ****         SYSCFG->EXTICR[position >> 2] = temp;
 316              		.loc 1 280 0 discriminator 3
 317 017a 04F58064 		add	r4, r4, #1024
 318 017e A042     		cmp	r0, r4
 319 0180 14D0     		beq	.L17
 280:Drivers/STM32L4xx_HAL_Driver/Src/stm32l4xx_hal_gpio.c ****         SYSCFG->EXTICR[position >> 2] = temp;
 320              		.loc 1 280 0 discriminator 5
 321 0182 04F58064 		add	r4, r4, #1024
 322 0186 A042     		cmp	r0, r4
 323 0188 12D0     		beq	.L18
 280:Drivers/STM32L4xx_HAL_Driver/Src/stm32l4xx_hal_gpio.c ****         SYSCFG->EXTICR[position >> 2] = temp;
 324              		.loc 1 280 0 discriminator 7
 325 018a 04F58064 		add	r4, r4, #1024
 326 018e A042     		cmp	r0, r4
 327 0190 10D0     		beq	.L19
 280:Drivers/STM32L4xx_HAL_Driver/Src/stm32l4xx_hal_gpio.c ****         SYSCFG->EXTICR[position >> 2] = temp;
ARM GAS  /tmp/ccCdrRZn.s 			page 13


 328              		.loc 1 280 0 discriminator 9
 329 0192 04F58064 		add	r4, r4, #1024
 330 0196 A042     		cmp	r0, r4
 331 0198 0ED0     		beq	.L20
 280:Drivers/STM32L4xx_HAL_Driver/Src/stm32l4xx_hal_gpio.c ****         SYSCFG->EXTICR[position >> 2] = temp;
 332              		.loc 1 280 0 discriminator 11
 333 019a 04F58064 		add	r4, r4, #1024
 334 019e A042     		cmp	r0, r4
 335 01a0 3FF43DAF 		beq	.L25
 280:Drivers/STM32L4xx_HAL_Driver/Src/stm32l4xx_hal_gpio.c ****         SYSCFG->EXTICR[position >> 2] = temp;
 336              		.loc 1 280 0
 337 01a4 0724     		movs	r4, #7
 338 01a6 3DE7     		b	.L9
 339              	.L16:
 340 01a8 0124     		movs	r4, #1
 341 01aa 3BE7     		b	.L9
 342              	.L17:
 343 01ac 0224     		movs	r4, #2
 344 01ae 39E7     		b	.L9
 345              	.L18:
 346 01b0 0324     		movs	r4, #3
 347 01b2 37E7     		b	.L9
 348              	.L19:
 349 01b4 0424     		movs	r4, #4
 350 01b6 35E7     		b	.L9
 351              	.L20:
 352 01b8 0524     		movs	r4, #5
 353 01ba 33E7     		b	.L9
 354              	.LVL48:
 355              	.L23:
 320:Drivers/STM32L4xx_HAL_Driver/Src/stm32l4xx_hal_gpio.c ****   }
 321:Drivers/STM32L4xx_HAL_Driver/Src/stm32l4xx_hal_gpio.c **** }
 356              		.loc 1 321 0 is_stmt 1
 357 01bc 02B0     		add	sp, sp, #8
 358              	.LCFI2:
 359              		.cfi_def_cfa_offset 16
 360              		@ sp needed
 361 01be F0BC     		pop	{r4, r5, r6, r7}
 362              	.LCFI3:
 363              		.cfi_restore 7
 364              		.cfi_restore 6
 365              		.cfi_restore 5
 366              		.cfi_restore 4
 367              		.cfi_def_cfa_offset 0
 368 01c0 7047     		bx	lr
 369              	.L27:
 370 01c2 00BF     		.align	2
 371              	.L26:
 372 01c4 00000140 		.word	1073807360
 373 01c8 00040140 		.word	1073808384
 374 01cc 00100240 		.word	1073876992
 375 01d0 00040048 		.word	1207960576
 376              		.cfi_endproc
 377              	.LFE128:
 379              		.section	.text.HAL_GPIO_DeInit,"ax",%progbits
 380              		.align	1
 381              		.global	HAL_GPIO_DeInit
ARM GAS  /tmp/ccCdrRZn.s 			page 14


 382              		.syntax unified
 383              		.thumb
 384              		.thumb_func
 385              		.fpu fpv4-sp-d16
 387              	HAL_GPIO_DeInit:
 388              	.LFB129:
 322:Drivers/STM32L4xx_HAL_Driver/Src/stm32l4xx_hal_gpio.c **** 
 323:Drivers/STM32L4xx_HAL_Driver/Src/stm32l4xx_hal_gpio.c **** /**
 324:Drivers/STM32L4xx_HAL_Driver/Src/stm32l4xx_hal_gpio.c ****   * @brief  De-initialize the GPIOx peripheral registers to their default reset values.
 325:Drivers/STM32L4xx_HAL_Driver/Src/stm32l4xx_hal_gpio.c ****   * @param  GPIOx: where x can be (A..H) to select the GPIO peripheral for STM32L4 family
 326:Drivers/STM32L4xx_HAL_Driver/Src/stm32l4xx_hal_gpio.c ****   * @param  GPIO_Pin: specifies the port bit to be written.
 327:Drivers/STM32L4xx_HAL_Driver/Src/stm32l4xx_hal_gpio.c ****   *         This parameter can be one of GPIO_PIN_x where x can be (0..15).
 328:Drivers/STM32L4xx_HAL_Driver/Src/stm32l4xx_hal_gpio.c ****   * @retval None
 329:Drivers/STM32L4xx_HAL_Driver/Src/stm32l4xx_hal_gpio.c ****   */
 330:Drivers/STM32L4xx_HAL_Driver/Src/stm32l4xx_hal_gpio.c **** void HAL_GPIO_DeInit(GPIO_TypeDef  *GPIOx, uint32_t GPIO_Pin)
 331:Drivers/STM32L4xx_HAL_Driver/Src/stm32l4xx_hal_gpio.c **** {
 389              		.loc 1 331 0
 390              		.cfi_startproc
 391              		@ args = 0, pretend = 0, frame = 0
 392              		@ frame_needed = 0, uses_anonymous_args = 0
 393              	.LVL49:
 332:Drivers/STM32L4xx_HAL_Driver/Src/stm32l4xx_hal_gpio.c ****   uint32_t position = 0x00;
 394              		.loc 1 332 0
 395 0000 0022     		movs	r2, #0
 396              	.LVL50:
 333:Drivers/STM32L4xx_HAL_Driver/Src/stm32l4xx_hal_gpio.c ****   uint32_t iocurrent = 0x00;
 334:Drivers/STM32L4xx_HAL_Driver/Src/stm32l4xx_hal_gpio.c ****   uint32_t tmp = 0x00;
 335:Drivers/STM32L4xx_HAL_Driver/Src/stm32l4xx_hal_gpio.c **** 
 336:Drivers/STM32L4xx_HAL_Driver/Src/stm32l4xx_hal_gpio.c ****   /* Check the parameters */
 337:Drivers/STM32L4xx_HAL_Driver/Src/stm32l4xx_hal_gpio.c ****   assert_param(IS_GPIO_ALL_INSTANCE(GPIOx));
 338:Drivers/STM32L4xx_HAL_Driver/Src/stm32l4xx_hal_gpio.c ****   assert_param(IS_GPIO_PIN(GPIO_Pin));
 339:Drivers/STM32L4xx_HAL_Driver/Src/stm32l4xx_hal_gpio.c **** 
 340:Drivers/STM32L4xx_HAL_Driver/Src/stm32l4xx_hal_gpio.c ****   /* Configure the port pins */
 341:Drivers/STM32L4xx_HAL_Driver/Src/stm32l4xx_hal_gpio.c ****   while ((GPIO_Pin >> position) != RESET)
 397              		.loc 1 341 0
 398 0002 31FA02F3 		lsrs	r3, r1, r2
 399 0006 00F08280 		beq	.L43
 331:Drivers/STM32L4xx_HAL_Driver/Src/stm32l4xx_hal_gpio.c ****   uint32_t position = 0x00;
 400              		.loc 1 331 0
 401 000a F0B5     		push	{r4, r5, r6, r7, lr}
 402              	.LCFI4:
 403              		.cfi_def_cfa_offset 20
 404              		.cfi_offset 4, -20
 405              		.cfi_offset 5, -16
 406              		.cfi_offset 6, -12
 407              		.cfi_offset 7, -8
 408              		.cfi_offset 14, -4
 409 000c 0AE0     		b	.L32
 410              	.LVL51:
 411              	.L46:
 342:Drivers/STM32L4xx_HAL_Driver/Src/stm32l4xx_hal_gpio.c ****   {
 343:Drivers/STM32L4xx_HAL_Driver/Src/stm32l4xx_hal_gpio.c ****     /* Get current io position */
 344:Drivers/STM32L4xx_HAL_Driver/Src/stm32l4xx_hal_gpio.c ****     iocurrent = (GPIO_Pin) & (1U << position);
 345:Drivers/STM32L4xx_HAL_Driver/Src/stm32l4xx_hal_gpio.c **** 
 346:Drivers/STM32L4xx_HAL_Driver/Src/stm32l4xx_hal_gpio.c ****     if (iocurrent)
 347:Drivers/STM32L4xx_HAL_Driver/Src/stm32l4xx_hal_gpio.c ****     {
 348:Drivers/STM32L4xx_HAL_Driver/Src/stm32l4xx_hal_gpio.c ****       /*------------------------- GPIO Mode Configuration --------------------*/
ARM GAS  /tmp/ccCdrRZn.s 			page 15


 349:Drivers/STM32L4xx_HAL_Driver/Src/stm32l4xx_hal_gpio.c ****       /* Configure IO in Analog Mode */
 350:Drivers/STM32L4xx_HAL_Driver/Src/stm32l4xx_hal_gpio.c ****       GPIOx->MODER |= (GPIO_MODER_MODE0 << (position * 2));
 351:Drivers/STM32L4xx_HAL_Driver/Src/stm32l4xx_hal_gpio.c **** 
 352:Drivers/STM32L4xx_HAL_Driver/Src/stm32l4xx_hal_gpio.c ****       /* Configure the default Alternate Function in current IO */
 353:Drivers/STM32L4xx_HAL_Driver/Src/stm32l4xx_hal_gpio.c ****       GPIOx->AFR[position >> 3] &= ~((uint32_t)0xF << ((uint32_t)(position & (uint32_t)0x07) * 4)) 
 354:Drivers/STM32L4xx_HAL_Driver/Src/stm32l4xx_hal_gpio.c **** 
 355:Drivers/STM32L4xx_HAL_Driver/Src/stm32l4xx_hal_gpio.c ****       /* Configure the default value for IO Speed */
 356:Drivers/STM32L4xx_HAL_Driver/Src/stm32l4xx_hal_gpio.c ****       GPIOx->OSPEEDR &= ~(GPIO_OSPEEDR_OSPEED0 << (position * 2));
 357:Drivers/STM32L4xx_HAL_Driver/Src/stm32l4xx_hal_gpio.c **** 
 358:Drivers/STM32L4xx_HAL_Driver/Src/stm32l4xx_hal_gpio.c ****       /* Configure the default value IO Output Type */
 359:Drivers/STM32L4xx_HAL_Driver/Src/stm32l4xx_hal_gpio.c ****       GPIOx->OTYPER  &= ~(GPIO_OTYPER_OT0 << position) ;
 360:Drivers/STM32L4xx_HAL_Driver/Src/stm32l4xx_hal_gpio.c **** 
 361:Drivers/STM32L4xx_HAL_Driver/Src/stm32l4xx_hal_gpio.c ****       /* Deactivate the Pull-up and Pull-down resistor for the current IO */
 362:Drivers/STM32L4xx_HAL_Driver/Src/stm32l4xx_hal_gpio.c ****       GPIOx->PUPDR &= ~(GPIO_PUPDR_PUPD0 << (position * 2));
 363:Drivers/STM32L4xx_HAL_Driver/Src/stm32l4xx_hal_gpio.c **** 
 364:Drivers/STM32L4xx_HAL_Driver/Src/stm32l4xx_hal_gpio.c **** #if defined(STM32L471xx) || defined(STM32L475xx) || defined(STM32L476xx) || defined(STM32L485xx) ||
 365:Drivers/STM32L4xx_HAL_Driver/Src/stm32l4xx_hal_gpio.c **** 
 366:Drivers/STM32L4xx_HAL_Driver/Src/stm32l4xx_hal_gpio.c ****       /* Deactivate the Control bit of Analog mode for the current IO */
 367:Drivers/STM32L4xx_HAL_Driver/Src/stm32l4xx_hal_gpio.c ****       GPIOx->ASCR &= ~(GPIO_ASCR_ASC0<< position);
 368:Drivers/STM32L4xx_HAL_Driver/Src/stm32l4xx_hal_gpio.c **** 
 369:Drivers/STM32L4xx_HAL_Driver/Src/stm32l4xx_hal_gpio.c **** #endif /* STM32L471xx || STM32L475xx || STM32L476xx || STM32L485xx || STM32L486xx */
 370:Drivers/STM32L4xx_HAL_Driver/Src/stm32l4xx_hal_gpio.c **** 
 371:Drivers/STM32L4xx_HAL_Driver/Src/stm32l4xx_hal_gpio.c ****       /*------------------------- EXTI Mode Configuration --------------------*/
 372:Drivers/STM32L4xx_HAL_Driver/Src/stm32l4xx_hal_gpio.c ****       /* Clear the External Interrupt or Event for the current IO */
 373:Drivers/STM32L4xx_HAL_Driver/Src/stm32l4xx_hal_gpio.c ****       
 374:Drivers/STM32L4xx_HAL_Driver/Src/stm32l4xx_hal_gpio.c ****       tmp = SYSCFG->EXTICR[position >> 2];
 375:Drivers/STM32L4xx_HAL_Driver/Src/stm32l4xx_hal_gpio.c ****       tmp &= (((uint32_t)0x0F) << (4 * (position & 0x03)));
 376:Drivers/STM32L4xx_HAL_Driver/Src/stm32l4xx_hal_gpio.c ****       if(tmp == (GPIO_GET_INDEX(GPIOx) << (4 * (position & 0x03))))
 412              		.loc 1 376 0
 413 000e 0625     		movs	r5, #6
 414 0010 00E0     		b	.L31
 415              	.L33:
 416 0012 0025     		movs	r5, #0
 417              	.L31:
 418              		.loc 1 376 0 is_stmt 0 discriminator 28
 419 0014 05FA03F3 		lsl	r3, r5, r3
 420 0018 A342     		cmp	r3, r4
 421 001a 5FD0     		beq	.L44
 422              	.LVL52:
 423              	.L30:
 377:Drivers/STM32L4xx_HAL_Driver/Src/stm32l4xx_hal_gpio.c ****       {
 378:Drivers/STM32L4xx_HAL_Driver/Src/stm32l4xx_hal_gpio.c ****         tmp = ((uint32_t)0x0F) << (4 * (position & 0x03));
 379:Drivers/STM32L4xx_HAL_Driver/Src/stm32l4xx_hal_gpio.c ****         SYSCFG->EXTICR[position >> 2] &= ~tmp;
 380:Drivers/STM32L4xx_HAL_Driver/Src/stm32l4xx_hal_gpio.c **** 
 381:Drivers/STM32L4xx_HAL_Driver/Src/stm32l4xx_hal_gpio.c ****         /* Clear EXTI line configuration */
 382:Drivers/STM32L4xx_HAL_Driver/Src/stm32l4xx_hal_gpio.c ****         EXTI->IMR1 &= ~((uint32_t)iocurrent);
 383:Drivers/STM32L4xx_HAL_Driver/Src/stm32l4xx_hal_gpio.c ****         EXTI->EMR1 &= ~((uint32_t)iocurrent);
 384:Drivers/STM32L4xx_HAL_Driver/Src/stm32l4xx_hal_gpio.c **** 
 385:Drivers/STM32L4xx_HAL_Driver/Src/stm32l4xx_hal_gpio.c ****         /* Clear Rising Falling edge configuration */
 386:Drivers/STM32L4xx_HAL_Driver/Src/stm32l4xx_hal_gpio.c ****         EXTI->RTSR1 &= ~((uint32_t)iocurrent);
 387:Drivers/STM32L4xx_HAL_Driver/Src/stm32l4xx_hal_gpio.c ****         EXTI->FTSR1 &= ~((uint32_t)iocurrent);
 388:Drivers/STM32L4xx_HAL_Driver/Src/stm32l4xx_hal_gpio.c ****       }
 389:Drivers/STM32L4xx_HAL_Driver/Src/stm32l4xx_hal_gpio.c ****     }
 390:Drivers/STM32L4xx_HAL_Driver/Src/stm32l4xx_hal_gpio.c ****     
 391:Drivers/STM32L4xx_HAL_Driver/Src/stm32l4xx_hal_gpio.c ****     position++;
 424              		.loc 1 391 0 is_stmt 1
 425 001c 0132     		adds	r2, r2, #1
ARM GAS  /tmp/ccCdrRZn.s 			page 16


 426              	.LVL53:
 341:Drivers/STM32L4xx_HAL_Driver/Src/stm32l4xx_hal_gpio.c ****   {
 427              		.loc 1 341 0
 428 001e 31FA02F3 		lsrs	r3, r1, r2
 429 0022 73D0     		beq	.L45
 430              	.LVL54:
 431              	.L32:
 344:Drivers/STM32L4xx_HAL_Driver/Src/stm32l4xx_hal_gpio.c **** 
 432              		.loc 1 344 0
 433 0024 0123     		movs	r3, #1
 434 0026 9340     		lsls	r3, r3, r2
 435              	.LVL55:
 346:Drivers/STM32L4xx_HAL_Driver/Src/stm32l4xx_hal_gpio.c ****     {
 436              		.loc 1 346 0
 437 0028 13EA0107 		ands	r7, r3, r1
 438              	.LVL56:
 439 002c F6D0     		beq	.L30
 350:Drivers/STM32L4xx_HAL_Driver/Src/stm32l4xx_hal_gpio.c **** 
 440              		.loc 1 350 0
 441 002e 0568     		ldr	r5, [r0]
 442 0030 5400     		lsls	r4, r2, #1
 443 0032 0326     		movs	r6, #3
 444 0034 06FA04F4 		lsl	r4, r6, r4
 445 0038 2543     		orrs	r5, r5, r4
 446 003a 0560     		str	r5, [r0]
 353:Drivers/STM32L4xx_HAL_Driver/Src/stm32l4xx_hal_gpio.c **** 
 447              		.loc 1 353 0
 448 003c 22FA06FC 		lsr	ip, r2, r6
 449 0040 0CF1080C 		add	ip, ip, #8
 450 0044 50F82CE0 		ldr	lr, [r0, ip, lsl #2]
 451 0048 02F00705 		and	r5, r2, #7
 452 004c AD00     		lsls	r5, r5, #2
 453 004e 0F26     		movs	r6, #15
 454 0050 06FA05F5 		lsl	r5, r6, r5
 455 0054 2EEA0505 		bic	r5, lr, r5
 456 0058 40F82C50 		str	r5, [r0, ip, lsl #2]
 356:Drivers/STM32L4xx_HAL_Driver/Src/stm32l4xx_hal_gpio.c **** 
 457              		.loc 1 356 0
 458 005c 8568     		ldr	r5, [r0, #8]
 459 005e E443     		mvns	r4, r4
 460 0060 2540     		ands	r5, r5, r4
 461 0062 8560     		str	r5, [r0, #8]
 359:Drivers/STM32L4xx_HAL_Driver/Src/stm32l4xx_hal_gpio.c **** 
 462              		.loc 1 359 0
 463 0064 4568     		ldr	r5, [r0, #4]
 464 0066 DB43     		mvns	r3, r3
 465 0068 1D40     		ands	r5, r5, r3
 466 006a 4560     		str	r5, [r0, #4]
 362:Drivers/STM32L4xx_HAL_Driver/Src/stm32l4xx_hal_gpio.c **** 
 467              		.loc 1 362 0
 468 006c C568     		ldr	r5, [r0, #12]
 469 006e 2C40     		ands	r4, r4, r5
 470 0070 C460     		str	r4, [r0, #12]
 367:Drivers/STM32L4xx_HAL_Driver/Src/stm32l4xx_hal_gpio.c **** 
 471              		.loc 1 367 0
 472 0072 C46A     		ldr	r4, [r0, #44]
 473 0074 2340     		ands	r3, r3, r4
ARM GAS  /tmp/ccCdrRZn.s 			page 17


 474 0076 C362     		str	r3, [r0, #44]
 374:Drivers/STM32L4xx_HAL_Driver/Src/stm32l4xx_hal_gpio.c ****       tmp &= (((uint32_t)0x0F) << (4 * (position & 0x03)));
 475              		.loc 1 374 0
 476 0078 4FEA920C 		lsr	ip, r2, #2
 477 007c 0CF10204 		add	r4, ip, #2
 478 0080 234B     		ldr	r3, .L47
 479 0082 53F82440 		ldr	r4, [r3, r4, lsl #2]
 480              	.LVL57:
 375:Drivers/STM32L4xx_HAL_Driver/Src/stm32l4xx_hal_gpio.c ****       if(tmp == (GPIO_GET_INDEX(GPIOx) << (4 * (position & 0x03))))
 481              		.loc 1 375 0
 482 0086 02F00303 		and	r3, r2, #3
 483 008a 9B00     		lsls	r3, r3, #2
 484 008c 9E40     		lsls	r6, r6, r3
 485 008e 3440     		ands	r4, r4, r6
 486              	.LVL58:
 376:Drivers/STM32L4xx_HAL_Driver/Src/stm32l4xx_hal_gpio.c ****       {
 487              		.loc 1 376 0
 488 0090 B0F1904F 		cmp	r0, #1207959552
 489 0094 BDD0     		beq	.L33
 376:Drivers/STM32L4xx_HAL_Driver/Src/stm32l4xx_hal_gpio.c ****       {
 490              		.loc 1 376 0 is_stmt 0 discriminator 1
 491 0096 1F4D     		ldr	r5, .L47+4
 492 0098 A842     		cmp	r0, r5
 493 009a 15D0     		beq	.L34
 376:Drivers/STM32L4xx_HAL_Driver/Src/stm32l4xx_hal_gpio.c ****       {
 494              		.loc 1 376 0 discriminator 3
 495 009c 05F58065 		add	r5, r5, #1024
 496 00a0 A842     		cmp	r0, r5
 497 00a2 13D0     		beq	.L35
 376:Drivers/STM32L4xx_HAL_Driver/Src/stm32l4xx_hal_gpio.c ****       {
 498              		.loc 1 376 0 discriminator 5
 499 00a4 05F58065 		add	r5, r5, #1024
 500 00a8 A842     		cmp	r0, r5
 501 00aa 11D0     		beq	.L36
 376:Drivers/STM32L4xx_HAL_Driver/Src/stm32l4xx_hal_gpio.c ****       {
 502              		.loc 1 376 0 discriminator 7
 503 00ac 05F58065 		add	r5, r5, #1024
 504 00b0 A842     		cmp	r0, r5
 505 00b2 0FD0     		beq	.L37
 376:Drivers/STM32L4xx_HAL_Driver/Src/stm32l4xx_hal_gpio.c ****       {
 506              		.loc 1 376 0 discriminator 9
 507 00b4 05F58065 		add	r5, r5, #1024
 508 00b8 A842     		cmp	r0, r5
 509 00ba 0DD0     		beq	.L38
 376:Drivers/STM32L4xx_HAL_Driver/Src/stm32l4xx_hal_gpio.c ****       {
 510              		.loc 1 376 0 discriminator 11
 511 00bc 05F58065 		add	r5, r5, #1024
 512 00c0 A842     		cmp	r0, r5
 513 00c2 A4D0     		beq	.L46
 376:Drivers/STM32L4xx_HAL_Driver/Src/stm32l4xx_hal_gpio.c ****       {
 514              		.loc 1 376 0
 515 00c4 0725     		movs	r5, #7
 516 00c6 A5E7     		b	.L31
 517              	.L34:
 518 00c8 0125     		movs	r5, #1
 519 00ca A3E7     		b	.L31
 520              	.L35:
ARM GAS  /tmp/ccCdrRZn.s 			page 18


 521 00cc 0225     		movs	r5, #2
 522 00ce A1E7     		b	.L31
 523              	.L36:
 524 00d0 0325     		movs	r5, #3
 525 00d2 9FE7     		b	.L31
 526              	.L37:
 527 00d4 0425     		movs	r5, #4
 528 00d6 9DE7     		b	.L31
 529              	.L38:
 530 00d8 0525     		movs	r5, #5
 531 00da 9BE7     		b	.L31
 532              	.L44:
 533              	.LVL59:
 379:Drivers/STM32L4xx_HAL_Driver/Src/stm32l4xx_hal_gpio.c **** 
 534              		.loc 1 379 0 is_stmt 1
 535 00dc 0C4D     		ldr	r5, .L47
 536 00de 0CF10203 		add	r3, ip, #2
 537 00e2 55F82340 		ldr	r4, [r5, r3, lsl #2]
 538 00e6 24EA0606 		bic	r6, r4, r6
 539              	.LVL60:
 540 00ea 45F82360 		str	r6, [r5, r3, lsl #2]
 382:Drivers/STM32L4xx_HAL_Driver/Src/stm32l4xx_hal_gpio.c ****         EXTI->EMR1 &= ~((uint32_t)iocurrent);
 541              		.loc 1 382 0
 542 00ee 0A4B     		ldr	r3, .L47+8
 543 00f0 1C68     		ldr	r4, [r3]
 544 00f2 FF43     		mvns	r7, r7
 545              	.LVL61:
 546 00f4 3C40     		ands	r4, r4, r7
 547 00f6 1C60     		str	r4, [r3]
 383:Drivers/STM32L4xx_HAL_Driver/Src/stm32l4xx_hal_gpio.c **** 
 548              		.loc 1 383 0
 549 00f8 5C68     		ldr	r4, [r3, #4]
 550 00fa 3C40     		ands	r4, r4, r7
 551 00fc 5C60     		str	r4, [r3, #4]
 386:Drivers/STM32L4xx_HAL_Driver/Src/stm32l4xx_hal_gpio.c ****         EXTI->FTSR1 &= ~((uint32_t)iocurrent);
 552              		.loc 1 386 0
 553 00fe 9C68     		ldr	r4, [r3, #8]
 554 0100 3C40     		ands	r4, r4, r7
 555 0102 9C60     		str	r4, [r3, #8]
 387:Drivers/STM32L4xx_HAL_Driver/Src/stm32l4xx_hal_gpio.c ****       }
 556              		.loc 1 387 0
 557 0104 DC68     		ldr	r4, [r3, #12]
 558 0106 2740     		ands	r7, r7, r4
 559              	.LVL62:
 560 0108 DF60     		str	r7, [r3, #12]
 561 010a 87E7     		b	.L30
 562              	.LVL63:
 563              	.L45:
 392:Drivers/STM32L4xx_HAL_Driver/Src/stm32l4xx_hal_gpio.c ****   }
 393:Drivers/STM32L4xx_HAL_Driver/Src/stm32l4xx_hal_gpio.c **** }
 564              		.loc 1 393 0
 565 010c F0BD     		pop	{r4, r5, r6, r7, pc}
 566              	.LVL64:
 567              	.L43:
 568              	.LCFI5:
 569              		.cfi_def_cfa_offset 0
 570              		.cfi_restore 4
ARM GAS  /tmp/ccCdrRZn.s 			page 19


 571              		.cfi_restore 5
 572              		.cfi_restore 6
 573              		.cfi_restore 7
 574              		.cfi_restore 14
 575 010e 7047     		bx	lr
 576              	.L48:
 577              		.align	2
 578              	.L47:
 579 0110 00000140 		.word	1073807360
 580 0114 00040048 		.word	1207960576
 581 0118 00040140 		.word	1073808384
 582              		.cfi_endproc
 583              	.LFE129:
 585              		.section	.text.HAL_GPIO_ReadPin,"ax",%progbits
 586              		.align	1
 587              		.global	HAL_GPIO_ReadPin
 588              		.syntax unified
 589              		.thumb
 590              		.thumb_func
 591              		.fpu fpv4-sp-d16
 593              	HAL_GPIO_ReadPin:
 594              	.LFB130:
 394:Drivers/STM32L4xx_HAL_Driver/Src/stm32l4xx_hal_gpio.c **** 
 395:Drivers/STM32L4xx_HAL_Driver/Src/stm32l4xx_hal_gpio.c **** /**
 396:Drivers/STM32L4xx_HAL_Driver/Src/stm32l4xx_hal_gpio.c ****   * @}
 397:Drivers/STM32L4xx_HAL_Driver/Src/stm32l4xx_hal_gpio.c ****   */
 398:Drivers/STM32L4xx_HAL_Driver/Src/stm32l4xx_hal_gpio.c **** 
 399:Drivers/STM32L4xx_HAL_Driver/Src/stm32l4xx_hal_gpio.c **** /** @defgroup GPIO_Exported_Functions_Group2 IO operation functions 
 400:Drivers/STM32L4xx_HAL_Driver/Src/stm32l4xx_hal_gpio.c ****  *  @brief GPIO Read, Write, Toggle, Lock and EXTI management functions.
 401:Drivers/STM32L4xx_HAL_Driver/Src/stm32l4xx_hal_gpio.c ****  *
 402:Drivers/STM32L4xx_HAL_Driver/Src/stm32l4xx_hal_gpio.c **** @verbatim
 403:Drivers/STM32L4xx_HAL_Driver/Src/stm32l4xx_hal_gpio.c ****  ===============================================================================
 404:Drivers/STM32L4xx_HAL_Driver/Src/stm32l4xx_hal_gpio.c ****                        ##### IO operation functions #####
 405:Drivers/STM32L4xx_HAL_Driver/Src/stm32l4xx_hal_gpio.c ****  ===============================================================================
 406:Drivers/STM32L4xx_HAL_Driver/Src/stm32l4xx_hal_gpio.c **** 
 407:Drivers/STM32L4xx_HAL_Driver/Src/stm32l4xx_hal_gpio.c **** @endverbatim
 408:Drivers/STM32L4xx_HAL_Driver/Src/stm32l4xx_hal_gpio.c ****   * @{
 409:Drivers/STM32L4xx_HAL_Driver/Src/stm32l4xx_hal_gpio.c ****   */
 410:Drivers/STM32L4xx_HAL_Driver/Src/stm32l4xx_hal_gpio.c **** 
 411:Drivers/STM32L4xx_HAL_Driver/Src/stm32l4xx_hal_gpio.c **** /**
 412:Drivers/STM32L4xx_HAL_Driver/Src/stm32l4xx_hal_gpio.c ****   * @brief  Read the specified input port pin.
 413:Drivers/STM32L4xx_HAL_Driver/Src/stm32l4xx_hal_gpio.c ****   * @param  GPIOx: where x can be (A..H) to select the GPIO peripheral for STM32L4 family
 414:Drivers/STM32L4xx_HAL_Driver/Src/stm32l4xx_hal_gpio.c ****   * @param  GPIO_Pin: specifies the port bit to read.
 415:Drivers/STM32L4xx_HAL_Driver/Src/stm32l4xx_hal_gpio.c ****   *         This parameter can be GPIO_PIN_x where x can be (0..15).
 416:Drivers/STM32L4xx_HAL_Driver/Src/stm32l4xx_hal_gpio.c ****   * @retval The input port pin value.
 417:Drivers/STM32L4xx_HAL_Driver/Src/stm32l4xx_hal_gpio.c ****   */
 418:Drivers/STM32L4xx_HAL_Driver/Src/stm32l4xx_hal_gpio.c **** GPIO_PinState HAL_GPIO_ReadPin(GPIO_TypeDef* GPIOx, uint16_t GPIO_Pin)
 419:Drivers/STM32L4xx_HAL_Driver/Src/stm32l4xx_hal_gpio.c **** {
 595              		.loc 1 419 0
 596              		.cfi_startproc
 597              		@ args = 0, pretend = 0, frame = 0
 598              		@ frame_needed = 0, uses_anonymous_args = 0
 599              		@ link register save eliminated.
 600              	.LVL65:
 420:Drivers/STM32L4xx_HAL_Driver/Src/stm32l4xx_hal_gpio.c ****   GPIO_PinState bitstatus;
 421:Drivers/STM32L4xx_HAL_Driver/Src/stm32l4xx_hal_gpio.c **** 
 422:Drivers/STM32L4xx_HAL_Driver/Src/stm32l4xx_hal_gpio.c ****   /* Check the parameters */
ARM GAS  /tmp/ccCdrRZn.s 			page 20


 423:Drivers/STM32L4xx_HAL_Driver/Src/stm32l4xx_hal_gpio.c ****   assert_param(IS_GPIO_PIN(GPIO_Pin));
 424:Drivers/STM32L4xx_HAL_Driver/Src/stm32l4xx_hal_gpio.c **** 
 425:Drivers/STM32L4xx_HAL_Driver/Src/stm32l4xx_hal_gpio.c ****   if((GPIOx->IDR & GPIO_Pin) != (uint32_t)GPIO_PIN_RESET)
 601              		.loc 1 425 0
 602 0000 0369     		ldr	r3, [r0, #16]
 603 0002 1942     		tst	r1, r3
 604 0004 01D1     		bne	.L52
 426:Drivers/STM32L4xx_HAL_Driver/Src/stm32l4xx_hal_gpio.c ****   {
 427:Drivers/STM32L4xx_HAL_Driver/Src/stm32l4xx_hal_gpio.c ****     bitstatus = GPIO_PIN_SET;
 428:Drivers/STM32L4xx_HAL_Driver/Src/stm32l4xx_hal_gpio.c ****   }
 429:Drivers/STM32L4xx_HAL_Driver/Src/stm32l4xx_hal_gpio.c ****   else
 430:Drivers/STM32L4xx_HAL_Driver/Src/stm32l4xx_hal_gpio.c ****   {
 431:Drivers/STM32L4xx_HAL_Driver/Src/stm32l4xx_hal_gpio.c ****     bitstatus = GPIO_PIN_RESET;
 605              		.loc 1 431 0
 606 0006 0020     		movs	r0, #0
 607              	.LVL66:
 432:Drivers/STM32L4xx_HAL_Driver/Src/stm32l4xx_hal_gpio.c ****   }
 433:Drivers/STM32L4xx_HAL_Driver/Src/stm32l4xx_hal_gpio.c ****   return bitstatus;
 434:Drivers/STM32L4xx_HAL_Driver/Src/stm32l4xx_hal_gpio.c **** }
 608              		.loc 1 434 0
 609 0008 7047     		bx	lr
 610              	.LVL67:
 611              	.L52:
 427:Drivers/STM32L4xx_HAL_Driver/Src/stm32l4xx_hal_gpio.c ****   }
 612              		.loc 1 427 0
 613 000a 0120     		movs	r0, #1
 614              	.LVL68:
 615 000c 7047     		bx	lr
 616              		.cfi_endproc
 617              	.LFE130:
 619              		.section	.text.HAL_GPIO_WritePin,"ax",%progbits
 620              		.align	1
 621              		.global	HAL_GPIO_WritePin
 622              		.syntax unified
 623              		.thumb
 624              		.thumb_func
 625              		.fpu fpv4-sp-d16
 627              	HAL_GPIO_WritePin:
 628              	.LFB131:
 435:Drivers/STM32L4xx_HAL_Driver/Src/stm32l4xx_hal_gpio.c **** 
 436:Drivers/STM32L4xx_HAL_Driver/Src/stm32l4xx_hal_gpio.c **** /**
 437:Drivers/STM32L4xx_HAL_Driver/Src/stm32l4xx_hal_gpio.c ****   * @brief  Set or clear the selected data port bit.
 438:Drivers/STM32L4xx_HAL_Driver/Src/stm32l4xx_hal_gpio.c ****   *
 439:Drivers/STM32L4xx_HAL_Driver/Src/stm32l4xx_hal_gpio.c ****   * @note   This function uses GPIOx_BSRR and GPIOx_BRR registers to allow atomic read/modify
 440:Drivers/STM32L4xx_HAL_Driver/Src/stm32l4xx_hal_gpio.c ****   *         accesses. In this way, there is no risk of an IRQ occurring between
 441:Drivers/STM32L4xx_HAL_Driver/Src/stm32l4xx_hal_gpio.c ****   *         the read and the modify access.
 442:Drivers/STM32L4xx_HAL_Driver/Src/stm32l4xx_hal_gpio.c ****   *
 443:Drivers/STM32L4xx_HAL_Driver/Src/stm32l4xx_hal_gpio.c ****   * @param  GPIOx: where x can be (A..H) to select the GPIO peripheral for STM32L4 family
 444:Drivers/STM32L4xx_HAL_Driver/Src/stm32l4xx_hal_gpio.c ****   * @param  GPIO_Pin: specifies the port bit to be written.
 445:Drivers/STM32L4xx_HAL_Driver/Src/stm32l4xx_hal_gpio.c ****   *         This parameter can be one of GPIO_PIN_x where x can be (0..15).
 446:Drivers/STM32L4xx_HAL_Driver/Src/stm32l4xx_hal_gpio.c ****   * @param  PinState: specifies the value to be written to the selected bit.
 447:Drivers/STM32L4xx_HAL_Driver/Src/stm32l4xx_hal_gpio.c ****   *         This parameter can be one of the GPIO_PinState enum values:
 448:Drivers/STM32L4xx_HAL_Driver/Src/stm32l4xx_hal_gpio.c ****   *            @arg GPIO_PIN_RESET: to clear the port pin
 449:Drivers/STM32L4xx_HAL_Driver/Src/stm32l4xx_hal_gpio.c ****   *            @arg GPIO_PIN_SET: to set the port pin
 450:Drivers/STM32L4xx_HAL_Driver/Src/stm32l4xx_hal_gpio.c ****   * @retval None
 451:Drivers/STM32L4xx_HAL_Driver/Src/stm32l4xx_hal_gpio.c ****   */
 452:Drivers/STM32L4xx_HAL_Driver/Src/stm32l4xx_hal_gpio.c **** void HAL_GPIO_WritePin(GPIO_TypeDef* GPIOx, uint16_t GPIO_Pin, GPIO_PinState PinState)
ARM GAS  /tmp/ccCdrRZn.s 			page 21


 453:Drivers/STM32L4xx_HAL_Driver/Src/stm32l4xx_hal_gpio.c **** {
 629              		.loc 1 453 0
 630              		.cfi_startproc
 631              		@ args = 0, pretend = 0, frame = 0
 632              		@ frame_needed = 0, uses_anonymous_args = 0
 633              		@ link register save eliminated.
 634              	.LVL69:
 454:Drivers/STM32L4xx_HAL_Driver/Src/stm32l4xx_hal_gpio.c ****   /* Check the parameters */
 455:Drivers/STM32L4xx_HAL_Driver/Src/stm32l4xx_hal_gpio.c ****   assert_param(IS_GPIO_PIN(GPIO_Pin));
 456:Drivers/STM32L4xx_HAL_Driver/Src/stm32l4xx_hal_gpio.c ****   assert_param(IS_GPIO_PIN_ACTION(PinState));
 457:Drivers/STM32L4xx_HAL_Driver/Src/stm32l4xx_hal_gpio.c **** 
 458:Drivers/STM32L4xx_HAL_Driver/Src/stm32l4xx_hal_gpio.c ****   if(PinState != GPIO_PIN_RESET)
 635              		.loc 1 458 0
 636 0000 0AB9     		cbnz	r2, .L56
 459:Drivers/STM32L4xx_HAL_Driver/Src/stm32l4xx_hal_gpio.c ****   {
 460:Drivers/STM32L4xx_HAL_Driver/Src/stm32l4xx_hal_gpio.c ****     GPIOx->BSRR = (uint32_t)GPIO_Pin;
 461:Drivers/STM32L4xx_HAL_Driver/Src/stm32l4xx_hal_gpio.c ****   }
 462:Drivers/STM32L4xx_HAL_Driver/Src/stm32l4xx_hal_gpio.c ****   else
 463:Drivers/STM32L4xx_HAL_Driver/Src/stm32l4xx_hal_gpio.c ****   {
 464:Drivers/STM32L4xx_HAL_Driver/Src/stm32l4xx_hal_gpio.c ****     GPIOx->BRR = (uint32_t)GPIO_Pin;
 637              		.loc 1 464 0
 638 0002 8162     		str	r1, [r0, #40]
 465:Drivers/STM32L4xx_HAL_Driver/Src/stm32l4xx_hal_gpio.c ****   }
 466:Drivers/STM32L4xx_HAL_Driver/Src/stm32l4xx_hal_gpio.c **** }
 639              		.loc 1 466 0
 640 0004 7047     		bx	lr
 641              	.L56:
 460:Drivers/STM32L4xx_HAL_Driver/Src/stm32l4xx_hal_gpio.c ****   }
 642              		.loc 1 460 0
 643 0006 8161     		str	r1, [r0, #24]
 644 0008 7047     		bx	lr
 645              		.cfi_endproc
 646              	.LFE131:
 648              		.section	.text.HAL_GPIO_TogglePin,"ax",%progbits
 649              		.align	1
 650              		.global	HAL_GPIO_TogglePin
 651              		.syntax unified
 652              		.thumb
 653              		.thumb_func
 654              		.fpu fpv4-sp-d16
 656              	HAL_GPIO_TogglePin:
 657              	.LFB132:
 467:Drivers/STM32L4xx_HAL_Driver/Src/stm32l4xx_hal_gpio.c **** 
 468:Drivers/STM32L4xx_HAL_Driver/Src/stm32l4xx_hal_gpio.c **** /**
 469:Drivers/STM32L4xx_HAL_Driver/Src/stm32l4xx_hal_gpio.c ****   * @brief  Toggle the specified GPIO pin.
 470:Drivers/STM32L4xx_HAL_Driver/Src/stm32l4xx_hal_gpio.c ****   * @param  GPIOx: where x can be (A..H) to select the GPIO peripheral for STM32L4 family
 471:Drivers/STM32L4xx_HAL_Driver/Src/stm32l4xx_hal_gpio.c ****   * @param  GPIO_Pin: specifies the pin to be toggled.
 472:Drivers/STM32L4xx_HAL_Driver/Src/stm32l4xx_hal_gpio.c ****   * @retval None
 473:Drivers/STM32L4xx_HAL_Driver/Src/stm32l4xx_hal_gpio.c ****   */
 474:Drivers/STM32L4xx_HAL_Driver/Src/stm32l4xx_hal_gpio.c **** void HAL_GPIO_TogglePin(GPIO_TypeDef* GPIOx, uint16_t GPIO_Pin)
 475:Drivers/STM32L4xx_HAL_Driver/Src/stm32l4xx_hal_gpio.c **** {
 658              		.loc 1 475 0
 659              		.cfi_startproc
 660              		@ args = 0, pretend = 0, frame = 0
 661              		@ frame_needed = 0, uses_anonymous_args = 0
 662              		@ link register save eliminated.
 663              	.LVL70:
ARM GAS  /tmp/ccCdrRZn.s 			page 22


 476:Drivers/STM32L4xx_HAL_Driver/Src/stm32l4xx_hal_gpio.c ****   /* Check the parameters */
 477:Drivers/STM32L4xx_HAL_Driver/Src/stm32l4xx_hal_gpio.c ****   assert_param(IS_GPIO_PIN(GPIO_Pin));
 478:Drivers/STM32L4xx_HAL_Driver/Src/stm32l4xx_hal_gpio.c **** 
 479:Drivers/STM32L4xx_HAL_Driver/Src/stm32l4xx_hal_gpio.c ****   GPIOx->ODR ^= GPIO_Pin;
 664              		.loc 1 479 0
 665 0000 4369     		ldr	r3, [r0, #20]
 666 0002 5940     		eors	r1, r1, r3
 667              	.LVL71:
 668 0004 4161     		str	r1, [r0, #20]
 480:Drivers/STM32L4xx_HAL_Driver/Src/stm32l4xx_hal_gpio.c **** }
 669              		.loc 1 480 0
 670 0006 7047     		bx	lr
 671              		.cfi_endproc
 672              	.LFE132:
 674              		.section	.text.HAL_GPIO_LockPin,"ax",%progbits
 675              		.align	1
 676              		.global	HAL_GPIO_LockPin
 677              		.syntax unified
 678              		.thumb
 679              		.thumb_func
 680              		.fpu fpv4-sp-d16
 682              	HAL_GPIO_LockPin:
 683              	.LFB133:
 481:Drivers/STM32L4xx_HAL_Driver/Src/stm32l4xx_hal_gpio.c **** 
 482:Drivers/STM32L4xx_HAL_Driver/Src/stm32l4xx_hal_gpio.c **** /**
 483:Drivers/STM32L4xx_HAL_Driver/Src/stm32l4xx_hal_gpio.c **** * @brief  Lock GPIO Pins configuration registers.
 484:Drivers/STM32L4xx_HAL_Driver/Src/stm32l4xx_hal_gpio.c ****   * @note   The locked registers are GPIOx_MODER, GPIOx_OTYPER, GPIOx_OSPEEDR,
 485:Drivers/STM32L4xx_HAL_Driver/Src/stm32l4xx_hal_gpio.c ****   *         GPIOx_PUPDR, GPIOx_AFRL and GPIOx_AFRH.
 486:Drivers/STM32L4xx_HAL_Driver/Src/stm32l4xx_hal_gpio.c ****   * @note   The configuration of the locked GPIO pins can no longer be modified
 487:Drivers/STM32L4xx_HAL_Driver/Src/stm32l4xx_hal_gpio.c ****   *         until the next reset.
 488:Drivers/STM32L4xx_HAL_Driver/Src/stm32l4xx_hal_gpio.c ****   * @param  GPIOx: where x can be (A..H) to select the GPIO peripheral for STM32L4 family
 489:Drivers/STM32L4xx_HAL_Driver/Src/stm32l4xx_hal_gpio.c ****   * @param  GPIO_Pin: specifies the port bits to be locked.
 490:Drivers/STM32L4xx_HAL_Driver/Src/stm32l4xx_hal_gpio.c ****   *         This parameter can be any combination of GPIO_Pin_x where x can be (0..15).
 491:Drivers/STM32L4xx_HAL_Driver/Src/stm32l4xx_hal_gpio.c ****   * @retval None
 492:Drivers/STM32L4xx_HAL_Driver/Src/stm32l4xx_hal_gpio.c ****   */
 493:Drivers/STM32L4xx_HAL_Driver/Src/stm32l4xx_hal_gpio.c **** HAL_StatusTypeDef HAL_GPIO_LockPin(GPIO_TypeDef* GPIOx, uint16_t GPIO_Pin)
 494:Drivers/STM32L4xx_HAL_Driver/Src/stm32l4xx_hal_gpio.c **** {
 684              		.loc 1 494 0
 685              		.cfi_startproc
 686              		@ args = 0, pretend = 0, frame = 8
 687              		@ frame_needed = 0, uses_anonymous_args = 0
 688              		@ link register save eliminated.
 689              	.LVL72:
 690 0000 82B0     		sub	sp, sp, #8
 691              	.LCFI6:
 692              		.cfi_def_cfa_offset 8
 495:Drivers/STM32L4xx_HAL_Driver/Src/stm32l4xx_hal_gpio.c ****   __IO uint32_t tmp = GPIO_LCKR_LCKK;
 693              		.loc 1 495 0
 694 0002 4FF48033 		mov	r3, #65536
 695 0006 0193     		str	r3, [sp, #4]
 496:Drivers/STM32L4xx_HAL_Driver/Src/stm32l4xx_hal_gpio.c **** 
 497:Drivers/STM32L4xx_HAL_Driver/Src/stm32l4xx_hal_gpio.c ****   /* Check the parameters */
 498:Drivers/STM32L4xx_HAL_Driver/Src/stm32l4xx_hal_gpio.c ****   assert_param(IS_GPIO_LOCK_INSTANCE(GPIOx));
 499:Drivers/STM32L4xx_HAL_Driver/Src/stm32l4xx_hal_gpio.c ****   assert_param(IS_GPIO_PIN(GPIO_Pin));
 500:Drivers/STM32L4xx_HAL_Driver/Src/stm32l4xx_hal_gpio.c **** 
 501:Drivers/STM32L4xx_HAL_Driver/Src/stm32l4xx_hal_gpio.c ****   /* Apply lock key write sequence */
 502:Drivers/STM32L4xx_HAL_Driver/Src/stm32l4xx_hal_gpio.c ****   tmp |= GPIO_Pin;
ARM GAS  /tmp/ccCdrRZn.s 			page 23


 696              		.loc 1 502 0
 697 0008 019B     		ldr	r3, [sp, #4]
 698 000a 0B43     		orrs	r3, r3, r1
 699 000c 0193     		str	r3, [sp, #4]
 503:Drivers/STM32L4xx_HAL_Driver/Src/stm32l4xx_hal_gpio.c ****   /* Set LCKx bit(s): LCKK='1' + LCK[15-0] */
 504:Drivers/STM32L4xx_HAL_Driver/Src/stm32l4xx_hal_gpio.c ****   GPIOx->LCKR = tmp;
 700              		.loc 1 504 0
 701 000e 019B     		ldr	r3, [sp, #4]
 702 0010 C361     		str	r3, [r0, #28]
 505:Drivers/STM32L4xx_HAL_Driver/Src/stm32l4xx_hal_gpio.c ****   /* Reset LCKx bit(s): LCKK='0' + LCK[15-0] */
 506:Drivers/STM32L4xx_HAL_Driver/Src/stm32l4xx_hal_gpio.c ****   GPIOx->LCKR = GPIO_Pin;
 703              		.loc 1 506 0
 704 0012 C161     		str	r1, [r0, #28]
 507:Drivers/STM32L4xx_HAL_Driver/Src/stm32l4xx_hal_gpio.c ****   /* Set LCKx bit(s): LCKK='1' + LCK[15-0] */
 508:Drivers/STM32L4xx_HAL_Driver/Src/stm32l4xx_hal_gpio.c ****   GPIOx->LCKR = tmp;
 705              		.loc 1 508 0
 706 0014 019B     		ldr	r3, [sp, #4]
 707 0016 C361     		str	r3, [r0, #28]
 509:Drivers/STM32L4xx_HAL_Driver/Src/stm32l4xx_hal_gpio.c ****   /* Read LCKK bit*/
 510:Drivers/STM32L4xx_HAL_Driver/Src/stm32l4xx_hal_gpio.c ****   tmp = GPIOx->LCKR;
 708              		.loc 1 510 0
 709 0018 C369     		ldr	r3, [r0, #28]
 710 001a 0193     		str	r3, [sp, #4]
 511:Drivers/STM32L4xx_HAL_Driver/Src/stm32l4xx_hal_gpio.c **** 
 512:Drivers/STM32L4xx_HAL_Driver/Src/stm32l4xx_hal_gpio.c ****   if((GPIOx->LCKR & GPIO_LCKR_LCKK) != RESET)
 711              		.loc 1 512 0
 712 001c C369     		ldr	r3, [r0, #28]
 713 001e 13F4803F 		tst	r3, #65536
 714 0022 02D1     		bne	.L62
 513:Drivers/STM32L4xx_HAL_Driver/Src/stm32l4xx_hal_gpio.c ****   {
 514:Drivers/STM32L4xx_HAL_Driver/Src/stm32l4xx_hal_gpio.c ****     return HAL_OK;
 515:Drivers/STM32L4xx_HAL_Driver/Src/stm32l4xx_hal_gpio.c ****   }
 516:Drivers/STM32L4xx_HAL_Driver/Src/stm32l4xx_hal_gpio.c ****   else
 517:Drivers/STM32L4xx_HAL_Driver/Src/stm32l4xx_hal_gpio.c ****   {
 518:Drivers/STM32L4xx_HAL_Driver/Src/stm32l4xx_hal_gpio.c ****     return HAL_ERROR;
 715              		.loc 1 518 0
 716 0024 0120     		movs	r0, #1
 717              	.LVL73:
 718              	.L59:
 519:Drivers/STM32L4xx_HAL_Driver/Src/stm32l4xx_hal_gpio.c ****   }
 520:Drivers/STM32L4xx_HAL_Driver/Src/stm32l4xx_hal_gpio.c **** }
 719              		.loc 1 520 0
 720 0026 02B0     		add	sp, sp, #8
 721              	.LCFI7:
 722              		.cfi_remember_state
 723              		.cfi_def_cfa_offset 0
 724              		@ sp needed
 725 0028 7047     		bx	lr
 726              	.LVL74:
 727              	.L62:
 728              	.LCFI8:
 729              		.cfi_restore_state
 514:Drivers/STM32L4xx_HAL_Driver/Src/stm32l4xx_hal_gpio.c ****   }
 730              		.loc 1 514 0
 731 002a 0020     		movs	r0, #0
 732              	.LVL75:
 733 002c FBE7     		b	.L59
ARM GAS  /tmp/ccCdrRZn.s 			page 24


 734              		.cfi_endproc
 735              	.LFE133:
 737              		.section	.text.HAL_GPIO_EXTI_Callback,"ax",%progbits
 738              		.align	1
 739              		.weak	HAL_GPIO_EXTI_Callback
 740              		.syntax unified
 741              		.thumb
 742              		.thumb_func
 743              		.fpu fpv4-sp-d16
 745              	HAL_GPIO_EXTI_Callback:
 746              	.LFB135:
 521:Drivers/STM32L4xx_HAL_Driver/Src/stm32l4xx_hal_gpio.c **** 
 522:Drivers/STM32L4xx_HAL_Driver/Src/stm32l4xx_hal_gpio.c **** /**
 523:Drivers/STM32L4xx_HAL_Driver/Src/stm32l4xx_hal_gpio.c ****   * @brief  Handle EXTI interrupt request.
 524:Drivers/STM32L4xx_HAL_Driver/Src/stm32l4xx_hal_gpio.c ****   * @param  GPIO_Pin: Specifies the port pin connected to corresponding EXTI line.
 525:Drivers/STM32L4xx_HAL_Driver/Src/stm32l4xx_hal_gpio.c ****   * @retval None
 526:Drivers/STM32L4xx_HAL_Driver/Src/stm32l4xx_hal_gpio.c ****   */
 527:Drivers/STM32L4xx_HAL_Driver/Src/stm32l4xx_hal_gpio.c **** void HAL_GPIO_EXTI_IRQHandler(uint16_t GPIO_Pin)
 528:Drivers/STM32L4xx_HAL_Driver/Src/stm32l4xx_hal_gpio.c **** {
 529:Drivers/STM32L4xx_HAL_Driver/Src/stm32l4xx_hal_gpio.c ****   /* EXTI line interrupt detected */
 530:Drivers/STM32L4xx_HAL_Driver/Src/stm32l4xx_hal_gpio.c ****   if(__HAL_GPIO_EXTI_GET_IT(GPIO_Pin) != RESET)
 531:Drivers/STM32L4xx_HAL_Driver/Src/stm32l4xx_hal_gpio.c ****   {
 532:Drivers/STM32L4xx_HAL_Driver/Src/stm32l4xx_hal_gpio.c ****     __HAL_GPIO_EXTI_CLEAR_IT(GPIO_Pin);
 533:Drivers/STM32L4xx_HAL_Driver/Src/stm32l4xx_hal_gpio.c ****     HAL_GPIO_EXTI_Callback(GPIO_Pin);
 534:Drivers/STM32L4xx_HAL_Driver/Src/stm32l4xx_hal_gpio.c ****   }
 535:Drivers/STM32L4xx_HAL_Driver/Src/stm32l4xx_hal_gpio.c **** }
 536:Drivers/STM32L4xx_HAL_Driver/Src/stm32l4xx_hal_gpio.c **** 
 537:Drivers/STM32L4xx_HAL_Driver/Src/stm32l4xx_hal_gpio.c **** /**
 538:Drivers/STM32L4xx_HAL_Driver/Src/stm32l4xx_hal_gpio.c ****   * @brief  EXTI line detection callback.
 539:Drivers/STM32L4xx_HAL_Driver/Src/stm32l4xx_hal_gpio.c ****   * @param  GPIO_Pin: Specifies the port pin connected to corresponding EXTI line.
 540:Drivers/STM32L4xx_HAL_Driver/Src/stm32l4xx_hal_gpio.c ****   * @retval None
 541:Drivers/STM32L4xx_HAL_Driver/Src/stm32l4xx_hal_gpio.c ****   */
 542:Drivers/STM32L4xx_HAL_Driver/Src/stm32l4xx_hal_gpio.c **** __weak void HAL_GPIO_EXTI_Callback(uint16_t GPIO_Pin)
 543:Drivers/STM32L4xx_HAL_Driver/Src/stm32l4xx_hal_gpio.c **** {
 747              		.loc 1 543 0
 748              		.cfi_startproc
 749              		@ args = 0, pretend = 0, frame = 0
 750              		@ frame_needed = 0, uses_anonymous_args = 0
 751              		@ link register save eliminated.
 752              	.LVL76:
 544:Drivers/STM32L4xx_HAL_Driver/Src/stm32l4xx_hal_gpio.c ****   /* Prevent unused argument(s) compilation warning */
 545:Drivers/STM32L4xx_HAL_Driver/Src/stm32l4xx_hal_gpio.c ****   UNUSED(GPIO_Pin);
 546:Drivers/STM32L4xx_HAL_Driver/Src/stm32l4xx_hal_gpio.c **** 
 547:Drivers/STM32L4xx_HAL_Driver/Src/stm32l4xx_hal_gpio.c ****   /* NOTE: This function should not be modified, when the callback is needed,
 548:Drivers/STM32L4xx_HAL_Driver/Src/stm32l4xx_hal_gpio.c ****            the HAL_GPIO_EXTI_Callback could be implemented in the user file
 549:Drivers/STM32L4xx_HAL_Driver/Src/stm32l4xx_hal_gpio.c ****    */
 550:Drivers/STM32L4xx_HAL_Driver/Src/stm32l4xx_hal_gpio.c **** }
 753              		.loc 1 550 0
 754 0000 7047     		bx	lr
 755              		.cfi_endproc
 756              	.LFE135:
 758              		.section	.text.HAL_GPIO_EXTI_IRQHandler,"ax",%progbits
 759              		.align	1
 760              		.global	HAL_GPIO_EXTI_IRQHandler
 761              		.syntax unified
 762              		.thumb
 763              		.thumb_func
ARM GAS  /tmp/ccCdrRZn.s 			page 25


 764              		.fpu fpv4-sp-d16
 766              	HAL_GPIO_EXTI_IRQHandler:
 767              	.LFB134:
 528:Drivers/STM32L4xx_HAL_Driver/Src/stm32l4xx_hal_gpio.c ****   /* EXTI line interrupt detected */
 768              		.loc 1 528 0
 769              		.cfi_startproc
 770              		@ args = 0, pretend = 0, frame = 0
 771              		@ frame_needed = 0, uses_anonymous_args = 0
 772              	.LVL77:
 773 0000 08B5     		push	{r3, lr}
 774              	.LCFI9:
 775              		.cfi_def_cfa_offset 8
 776              		.cfi_offset 3, -8
 777              		.cfi_offset 14, -4
 530:Drivers/STM32L4xx_HAL_Driver/Src/stm32l4xx_hal_gpio.c ****   {
 778              		.loc 1 530 0
 779 0002 054B     		ldr	r3, .L68
 780 0004 5B69     		ldr	r3, [r3, #20]
 781 0006 0342     		tst	r3, r0
 782 0008 00D1     		bne	.L67
 783              	.LVL78:
 784              	.L64:
 535:Drivers/STM32L4xx_HAL_Driver/Src/stm32l4xx_hal_gpio.c **** 
 785              		.loc 1 535 0
 786 000a 08BD     		pop	{r3, pc}
 787              	.LVL79:
 788              	.L67:
 532:Drivers/STM32L4xx_HAL_Driver/Src/stm32l4xx_hal_gpio.c ****     HAL_GPIO_EXTI_Callback(GPIO_Pin);
 789              		.loc 1 532 0
 790 000c 024B     		ldr	r3, .L68
 791 000e 5861     		str	r0, [r3, #20]
 533:Drivers/STM32L4xx_HAL_Driver/Src/stm32l4xx_hal_gpio.c ****   }
 792              		.loc 1 533 0
 793 0010 FFF7FEFF 		bl	HAL_GPIO_EXTI_Callback
 794              	.LVL80:
 535:Drivers/STM32L4xx_HAL_Driver/Src/stm32l4xx_hal_gpio.c **** 
 795              		.loc 1 535 0
 796 0014 F9E7     		b	.L64
 797              	.L69:
 798 0016 00BF     		.align	2
 799              	.L68:
 800 0018 00040140 		.word	1073808384
 801              		.cfi_endproc
 802              	.LFE134:
 804              		.text
 805              	.Letext0:
 806              		.file 2 "/opt/gcc-arm-none-eabi-7-2018-q2-update/arm-none-eabi/include/machine/_default_types.h"
 807              		.file 3 "/opt/gcc-arm-none-eabi-7-2018-q2-update/arm-none-eabi/include/sys/_stdint.h"
 808              		.file 4 "Drivers/CMSIS/Include/core_cm4.h"
 809              		.file 5 "Drivers/CMSIS/Device/ST/STM32L4xx/Include/system_stm32l4xx.h"
 810              		.file 6 "Drivers/CMSIS/Device/ST/STM32L4xx/Include/stm32l475xx.h"
 811              		.file 7 "/opt/gcc-arm-none-eabi-7-2018-q2-update/arm-none-eabi/include/sys/lock.h"
 812              		.file 8 "/opt/gcc-arm-none-eabi-7-2018-q2-update/arm-none-eabi/include/sys/_types.h"
 813              		.file 9 "/opt/gcc-arm-none-eabi-7-2018-q2-update/lib/gcc/arm-none-eabi/7.3.1/include/stddef.h"
 814              		.file 10 "/opt/gcc-arm-none-eabi-7-2018-q2-update/arm-none-eabi/include/sys/reent.h"
 815              		.file 11 "Drivers/CMSIS/Device/ST/STM32L4xx/Include/stm32l4xx.h"
 816              		.file 12 "Drivers/STM32L4xx_HAL_Driver/Inc/stm32l4xx_hal_def.h"
ARM GAS  /tmp/ccCdrRZn.s 			page 26


 817              		.file 13 "Drivers/STM32L4xx_HAL_Driver/Inc/stm32l4xx_hal_gpio.h"
ARM GAS  /tmp/ccCdrRZn.s 			page 27


DEFINED SYMBOLS
                            *ABS*:0000000000000000 stm32l4xx_hal_gpio.c
     /tmp/ccCdrRZn.s:18     .text.HAL_GPIO_Init:0000000000000000 $t
     /tmp/ccCdrRZn.s:25     .text.HAL_GPIO_Init:0000000000000000 HAL_GPIO_Init
     /tmp/ccCdrRZn.s:372    .text.HAL_GPIO_Init:00000000000001c4 $d
     /tmp/ccCdrRZn.s:380    .text.HAL_GPIO_DeInit:0000000000000000 $t
     /tmp/ccCdrRZn.s:387    .text.HAL_GPIO_DeInit:0000000000000000 HAL_GPIO_DeInit
     /tmp/ccCdrRZn.s:579    .text.HAL_GPIO_DeInit:0000000000000110 $d
     /tmp/ccCdrRZn.s:586    .text.HAL_GPIO_ReadPin:0000000000000000 $t
     /tmp/ccCdrRZn.s:593    .text.HAL_GPIO_ReadPin:0000000000000000 HAL_GPIO_ReadPin
     /tmp/ccCdrRZn.s:620    .text.HAL_GPIO_WritePin:0000000000000000 $t
     /tmp/ccCdrRZn.s:627    .text.HAL_GPIO_WritePin:0000000000000000 HAL_GPIO_WritePin
     /tmp/ccCdrRZn.s:649    .text.HAL_GPIO_TogglePin:0000000000000000 $t
     /tmp/ccCdrRZn.s:656    .text.HAL_GPIO_TogglePin:0000000000000000 HAL_GPIO_TogglePin
     /tmp/ccCdrRZn.s:675    .text.HAL_GPIO_LockPin:0000000000000000 $t
     /tmp/ccCdrRZn.s:682    .text.HAL_GPIO_LockPin:0000000000000000 HAL_GPIO_LockPin
     /tmp/ccCdrRZn.s:738    .text.HAL_GPIO_EXTI_Callback:0000000000000000 $t
     /tmp/ccCdrRZn.s:745    .text.HAL_GPIO_EXTI_Callback:0000000000000000 HAL_GPIO_EXTI_Callback
     /tmp/ccCdrRZn.s:759    .text.HAL_GPIO_EXTI_IRQHandler:0000000000000000 $t
     /tmp/ccCdrRZn.s:766    .text.HAL_GPIO_EXTI_IRQHandler:0000000000000000 HAL_GPIO_EXTI_IRQHandler
     /tmp/ccCdrRZn.s:800    .text.HAL_GPIO_EXTI_IRQHandler:0000000000000018 $d

NO UNDEFINED SYMBOLS
