ARM GAS  /tmp/ccQ4FwyB.s 			page 1


   1              		.cpu cortex-m4
   2              		.eabi_attribute 27, 1
   3              		.eabi_attribute 28, 1
   4              		.eabi_attribute 20, 1
   5              		.eabi_attribute 21, 1
   6              		.eabi_attribute 23, 3
   7              		.eabi_attribute 24, 1
   8              		.eabi_attribute 25, 1
   9              		.eabi_attribute 26, 1
  10              		.eabi_attribute 30, 1
  11              		.eabi_attribute 34, 1
  12              		.eabi_attribute 18, 4
  13              		.file	"stm32l4xx_it.c"
  14              		.text
  15              	.Ltext0:
  16              		.cfi_sections	.debug_frame
  17              		.section	.text.NMI_Handler,"ax",%progbits
  18              		.align	1
  19              		.global	NMI_Handler
  20              		.syntax unified
  21              		.thumb
  22              		.thumb_func
  23              		.fpu fpv4-sp-d16
  25              	NMI_Handler:
  26              	.LFB128:
  27              		.file 1 "Src/stm32l4xx_it.c"
   1:Src/stm32l4xx_it.c **** /**
   2:Src/stm32l4xx_it.c ****   ******************************************************************************
   3:Src/stm32l4xx_it.c ****   * @file    Wifi/WiFi_Client_Server/Src/stm32l4xx_it.c
   4:Src/stm32l4xx_it.c ****   * @author  MCD Application Team
   5:Src/stm32l4xx_it.c ****   * @version V1.8.0
   6:Src/stm32l4xx_it.c ****   * @date    21-April-2017
   7:Src/stm32l4xx_it.c ****   * @brief   Main Interrupt Service Routines.
   8:Src/stm32l4xx_it.c ****   *          This file provides template for all exceptions handler and 
   9:Src/stm32l4xx_it.c ****   *          peripherals interrupt service routine.
  10:Src/stm32l4xx_it.c ****   ******************************************************************************
  11:Src/stm32l4xx_it.c ****   * @attention
  12:Src/stm32l4xx_it.c ****   *
  13:Src/stm32l4xx_it.c ****   * <h2><center>&copy; Copyright (c) 2017 STMicroelectronics International N.V. 
  14:Src/stm32l4xx_it.c ****   * All rights reserved.</center></h2>
  15:Src/stm32l4xx_it.c ****   *
  16:Src/stm32l4xx_it.c ****   * Redistribution and use in source and binary forms, with or without 
  17:Src/stm32l4xx_it.c ****   * modification, are permitted, provided that the following conditions are met:
  18:Src/stm32l4xx_it.c ****   *
  19:Src/stm32l4xx_it.c ****   * 1. Redistribution of source code must retain the above copyright notice, 
  20:Src/stm32l4xx_it.c ****   *    this list of conditions and the following disclaimer.
  21:Src/stm32l4xx_it.c ****   * 2. Redistributions in binary form must reproduce the above copyright notice,
  22:Src/stm32l4xx_it.c ****   *    this list of conditions and the following disclaimer in the documentation
  23:Src/stm32l4xx_it.c ****   *    and/or other materials provided with the distribution.
  24:Src/stm32l4xx_it.c ****   * 3. Neither the name of STMicroelectronics nor the names of other 
  25:Src/stm32l4xx_it.c ****   *    contributors to this software may be used to endorse or promote products 
  26:Src/stm32l4xx_it.c ****   *    derived from this software without specific written permission.
  27:Src/stm32l4xx_it.c ****   * 4. This software, including modifications and/or derivative works of this 
  28:Src/stm32l4xx_it.c ****   *    software, must execute solely and exclusively on microcontroller or
  29:Src/stm32l4xx_it.c ****   *    microprocessor devices manufactured by or for STMicroelectronics.
  30:Src/stm32l4xx_it.c ****   * 5. Redistribution and use of this software other than as permitted under 
  31:Src/stm32l4xx_it.c ****   *    this license is void and will automatically terminate your rights under 
ARM GAS  /tmp/ccQ4FwyB.s 			page 2


  32:Src/stm32l4xx_it.c ****   *    this license. 
  33:Src/stm32l4xx_it.c ****   *
  34:Src/stm32l4xx_it.c ****   * THIS SOFTWARE IS PROVIDED BY STMICROELECTRONICS AND CONTRIBUTORS "AS IS" 
  35:Src/stm32l4xx_it.c ****   * AND ANY EXPRESS, IMPLIED OR STATUTORY WARRANTIES, INCLUDING, BUT NOT 
  36:Src/stm32l4xx_it.c ****   * LIMITED TO, THE IMPLIED WARRANTIES OF MERCHANTABILITY, FITNESS FOR A 
  37:Src/stm32l4xx_it.c ****   * PARTICULAR PURPOSE AND NON-INFRINGEMENT OF THIRD PARTY INTELLECTUAL PROPERTY
  38:Src/stm32l4xx_it.c ****   * RIGHTS ARE DISCLAIMED TO THE FULLEST EXTENT PERMITTED BY LAW. IN NO EVENT 
  39:Src/stm32l4xx_it.c ****   * SHALL STMICROELECTRONICS OR CONTRIBUTORS BE LIABLE FOR ANY DIRECT, INDIRECT,
  40:Src/stm32l4xx_it.c ****   * INCIDENTAL, SPECIAL, EXEMPLARY, OR CONSEQUENTIAL DAMAGES (INCLUDING, BUT NOT
  41:Src/stm32l4xx_it.c ****   * LIMITED TO, PROCUREMENT OF SUBSTITUTE GOODS OR SERVICES; LOSS OF USE, DATA, 
  42:Src/stm32l4xx_it.c ****   * OR PROFITS; OR BUSINESS INTERRUPTION) HOWEVER CAUSED AND ON ANY THEORY OF 
  43:Src/stm32l4xx_it.c ****   * LIABILITY, WHETHER IN CONTRACT, STRICT LIABILITY, OR TORT (INCLUDING 
  44:Src/stm32l4xx_it.c ****   * NEGLIGENCE OR OTHERWISE) ARISING IN ANY WAY OUT OF THE USE OF THIS SOFTWARE,
  45:Src/stm32l4xx_it.c ****   * EVEN IF ADVISED OF THE POSSIBILITY OF SUCH DAMAGE.
  46:Src/stm32l4xx_it.c ****   *
  47:Src/stm32l4xx_it.c ****   ******************************************************************************
  48:Src/stm32l4xx_it.c ****   */
  49:Src/stm32l4xx_it.c **** 
  50:Src/stm32l4xx_it.c **** /* Includes ------------------------------------------------------------------*/
  51:Src/stm32l4xx_it.c **** #include "main.h"
  52:Src/stm32l4xx_it.c **** #include "stm32l4xx_it.h"
  53:Src/stm32l4xx_it.c **** 
  54:Src/stm32l4xx_it.c **** /* Private typedef -----------------------------------------------------------*/
  55:Src/stm32l4xx_it.c **** /* Private define ------------------------------------------------------------*/
  56:Src/stm32l4xx_it.c **** /* Private macro -------------------------------------------------------------*/
  57:Src/stm32l4xx_it.c **** /* Private variables ---------------------------------------------------------*/
  58:Src/stm32l4xx_it.c **** /* Private function prototypes -----------------------------------------------*/
  59:Src/stm32l4xx_it.c **** /* Private functions ---------------------------------------------------------*/
  60:Src/stm32l4xx_it.c **** 
  61:Src/stm32l4xx_it.c **** /******************************************************************************/
  62:Src/stm32l4xx_it.c **** /*            Cortex-M4 Processor Exceptions Handlers                         */
  63:Src/stm32l4xx_it.c **** /******************************************************************************/
  64:Src/stm32l4xx_it.c **** 
  65:Src/stm32l4xx_it.c **** /**
  66:Src/stm32l4xx_it.c ****   * @brief   This function handles NMI exception.
  67:Src/stm32l4xx_it.c ****   * @param  None
  68:Src/stm32l4xx_it.c ****   * @retval None
  69:Src/stm32l4xx_it.c ****   */
  70:Src/stm32l4xx_it.c **** void NMI_Handler(void)
  71:Src/stm32l4xx_it.c **** {
  28              		.loc 1 71 0
  29              		.cfi_startproc
  30              		@ args = 0, pretend = 0, frame = 0
  31              		@ frame_needed = 0, uses_anonymous_args = 0
  32              		@ link register save eliminated.
  72:Src/stm32l4xx_it.c **** }
  33              		.loc 1 72 0
  34 0000 7047     		bx	lr
  35              		.cfi_endproc
  36              	.LFE128:
  38              		.section	.text.HardFault_Handler,"ax",%progbits
  39              		.align	1
  40              		.global	HardFault_Handler
  41              		.syntax unified
  42              		.thumb
  43              		.thumb_func
  44              		.fpu fpv4-sp-d16
ARM GAS  /tmp/ccQ4FwyB.s 			page 3


  46              	HardFault_Handler:
  47              	.LFB129:
  73:Src/stm32l4xx_it.c **** 
  74:Src/stm32l4xx_it.c **** /**
  75:Src/stm32l4xx_it.c ****   * @brief  This function handles Hard Fault exception.
  76:Src/stm32l4xx_it.c ****   * @param  None
  77:Src/stm32l4xx_it.c ****   * @retval None
  78:Src/stm32l4xx_it.c ****   */
  79:Src/stm32l4xx_it.c **** void HardFault_Handler(void)
  80:Src/stm32l4xx_it.c **** {
  48              		.loc 1 80 0
  49              		.cfi_startproc
  50              		@ Volatile: function does not return.
  51              		@ args = 0, pretend = 0, frame = 0
  52              		@ frame_needed = 0, uses_anonymous_args = 0
  53              		@ link register save eliminated.
  54              	.L3:
  55 0000 FEE7     		b	.L3
  56              		.cfi_endproc
  57              	.LFE129:
  59              		.section	.text.MemManage_Handler,"ax",%progbits
  60              		.align	1
  61              		.global	MemManage_Handler
  62              		.syntax unified
  63              		.thumb
  64              		.thumb_func
  65              		.fpu fpv4-sp-d16
  67              	MemManage_Handler:
  68              	.LFB130:
  81:Src/stm32l4xx_it.c ****   /* Go to infinite loop when Hard Fault exception occurs */
  82:Src/stm32l4xx_it.c ****   while (1)
  83:Src/stm32l4xx_it.c ****   {
  84:Src/stm32l4xx_it.c ****   }
  85:Src/stm32l4xx_it.c **** }
  86:Src/stm32l4xx_it.c **** 
  87:Src/stm32l4xx_it.c **** /**
  88:Src/stm32l4xx_it.c ****   * @brief  This function handles Memory Manage exception.
  89:Src/stm32l4xx_it.c ****   * @param  None
  90:Src/stm32l4xx_it.c ****   * @retval None
  91:Src/stm32l4xx_it.c ****   */
  92:Src/stm32l4xx_it.c **** void MemManage_Handler(void)
  93:Src/stm32l4xx_it.c **** {
  69              		.loc 1 93 0
  70              		.cfi_startproc
  71              		@ Volatile: function does not return.
  72              		@ args = 0, pretend = 0, frame = 0
  73              		@ frame_needed = 0, uses_anonymous_args = 0
  74              		@ link register save eliminated.
  75              	.L5:
  76 0000 FEE7     		b	.L5
  77              		.cfi_endproc
  78              	.LFE130:
  80              		.section	.text.BusFault_Handler,"ax",%progbits
  81              		.align	1
  82              		.global	BusFault_Handler
  83              		.syntax unified
  84              		.thumb
ARM GAS  /tmp/ccQ4FwyB.s 			page 4


  85              		.thumb_func
  86              		.fpu fpv4-sp-d16
  88              	BusFault_Handler:
  89              	.LFB131:
  94:Src/stm32l4xx_it.c ****   /* Go to infinite loop when Memory Manage exception occurs */
  95:Src/stm32l4xx_it.c ****   while (1)
  96:Src/stm32l4xx_it.c ****   {
  97:Src/stm32l4xx_it.c ****   }
  98:Src/stm32l4xx_it.c **** }
  99:Src/stm32l4xx_it.c **** 
 100:Src/stm32l4xx_it.c **** /**
 101:Src/stm32l4xx_it.c ****   * @brief  This function handles Bus Fault exception.
 102:Src/stm32l4xx_it.c ****   * @param  None
 103:Src/stm32l4xx_it.c ****   * @retval None
 104:Src/stm32l4xx_it.c ****   */
 105:Src/stm32l4xx_it.c **** void BusFault_Handler(void)
 106:Src/stm32l4xx_it.c **** {
  90              		.loc 1 106 0
  91              		.cfi_startproc
  92              		@ Volatile: function does not return.
  93              		@ args = 0, pretend = 0, frame = 0
  94              		@ frame_needed = 0, uses_anonymous_args = 0
  95              		@ link register save eliminated.
  96              	.L7:
  97 0000 FEE7     		b	.L7
  98              		.cfi_endproc
  99              	.LFE131:
 101              		.section	.text.UsageFault_Handler,"ax",%progbits
 102              		.align	1
 103              		.global	UsageFault_Handler
 104              		.syntax unified
 105              		.thumb
 106              		.thumb_func
 107              		.fpu fpv4-sp-d16
 109              	UsageFault_Handler:
 110              	.LFB132:
 107:Src/stm32l4xx_it.c ****   /* Go to infinite loop when Bus Fault exception occurs */
 108:Src/stm32l4xx_it.c ****   while (1)
 109:Src/stm32l4xx_it.c ****   {
 110:Src/stm32l4xx_it.c ****   }
 111:Src/stm32l4xx_it.c **** }
 112:Src/stm32l4xx_it.c **** 
 113:Src/stm32l4xx_it.c **** /**
 114:Src/stm32l4xx_it.c ****   * @brief  This function handles Usage Fault exception.
 115:Src/stm32l4xx_it.c ****   * @param  None
 116:Src/stm32l4xx_it.c ****   * @retval None
 117:Src/stm32l4xx_it.c ****   */
 118:Src/stm32l4xx_it.c **** void UsageFault_Handler(void)
 119:Src/stm32l4xx_it.c **** {
 111              		.loc 1 119 0
 112              		.cfi_startproc
 113              		@ Volatile: function does not return.
 114              		@ args = 0, pretend = 0, frame = 0
 115              		@ frame_needed = 0, uses_anonymous_args = 0
 116              		@ link register save eliminated.
 117              	.L9:
 118 0000 FEE7     		b	.L9
ARM GAS  /tmp/ccQ4FwyB.s 			page 5


 119              		.cfi_endproc
 120              	.LFE132:
 122              		.section	.text.SVC_Handler,"ax",%progbits
 123              		.align	1
 124              		.global	SVC_Handler
 125              		.syntax unified
 126              		.thumb
 127              		.thumb_func
 128              		.fpu fpv4-sp-d16
 130              	SVC_Handler:
 131              	.LFB133:
 120:Src/stm32l4xx_it.c ****   /* Go to infinite loop when Usage Fault exception occurs */
 121:Src/stm32l4xx_it.c ****   while (1)
 122:Src/stm32l4xx_it.c ****   {
 123:Src/stm32l4xx_it.c ****   }
 124:Src/stm32l4xx_it.c **** }
 125:Src/stm32l4xx_it.c **** 
 126:Src/stm32l4xx_it.c **** /**
 127:Src/stm32l4xx_it.c ****   * @brief  This function handles SVCall exception.
 128:Src/stm32l4xx_it.c ****   * @param  None
 129:Src/stm32l4xx_it.c ****   * @retval None
 130:Src/stm32l4xx_it.c ****   */
 131:Src/stm32l4xx_it.c **** void SVC_Handler(void)
 132:Src/stm32l4xx_it.c **** {
 132              		.loc 1 132 0
 133              		.cfi_startproc
 134              		@ args = 0, pretend = 0, frame = 0
 135              		@ frame_needed = 0, uses_anonymous_args = 0
 136              		@ link register save eliminated.
 133:Src/stm32l4xx_it.c **** }
 137              		.loc 1 133 0
 138 0000 7047     		bx	lr
 139              		.cfi_endproc
 140              	.LFE133:
 142              		.section	.text.DebugMon_Handler,"ax",%progbits
 143              		.align	1
 144              		.global	DebugMon_Handler
 145              		.syntax unified
 146              		.thumb
 147              		.thumb_func
 148              		.fpu fpv4-sp-d16
 150              	DebugMon_Handler:
 151              	.LFB134:
 134:Src/stm32l4xx_it.c **** 
 135:Src/stm32l4xx_it.c **** /**
 136:Src/stm32l4xx_it.c ****   * @brief  This function handles Debug Monitor exception.
 137:Src/stm32l4xx_it.c ****   * @param  None
 138:Src/stm32l4xx_it.c ****   * @retval None
 139:Src/stm32l4xx_it.c ****   */
 140:Src/stm32l4xx_it.c **** void DebugMon_Handler(void)
 141:Src/stm32l4xx_it.c **** {
 152              		.loc 1 141 0
 153              		.cfi_startproc
 154              		@ args = 0, pretend = 0, frame = 0
 155              		@ frame_needed = 0, uses_anonymous_args = 0
 156              		@ link register save eliminated.
 142:Src/stm32l4xx_it.c **** }
ARM GAS  /tmp/ccQ4FwyB.s 			page 6


 157              		.loc 1 142 0
 158 0000 7047     		bx	lr
 159              		.cfi_endproc
 160              	.LFE134:
 162              		.section	.text.PendSV_Handler,"ax",%progbits
 163              		.align	1
 164              		.global	PendSV_Handler
 165              		.syntax unified
 166              		.thumb
 167              		.thumb_func
 168              		.fpu fpv4-sp-d16
 170              	PendSV_Handler:
 171              	.LFB135:
 143:Src/stm32l4xx_it.c **** 
 144:Src/stm32l4xx_it.c **** /**
 145:Src/stm32l4xx_it.c ****   * @brief  This function handles PendSVC exception.
 146:Src/stm32l4xx_it.c ****   * @param  None
 147:Src/stm32l4xx_it.c ****   * @retval None
 148:Src/stm32l4xx_it.c ****   */
 149:Src/stm32l4xx_it.c **** void PendSV_Handler(void)
 150:Src/stm32l4xx_it.c **** {
 172              		.loc 1 150 0
 173              		.cfi_startproc
 174              		@ args = 0, pretend = 0, frame = 0
 175              		@ frame_needed = 0, uses_anonymous_args = 0
 176              		@ link register save eliminated.
 151:Src/stm32l4xx_it.c **** }
 177              		.loc 1 151 0
 178 0000 7047     		bx	lr
 179              		.cfi_endproc
 180              	.LFE135:
 182              		.section	.text.SysTick_Handler,"ax",%progbits
 183              		.align	1
 184              		.global	SysTick_Handler
 185              		.syntax unified
 186              		.thumb
 187              		.thumb_func
 188              		.fpu fpv4-sp-d16
 190              	SysTick_Handler:
 191              	.LFB136:
 152:Src/stm32l4xx_it.c **** 
 153:Src/stm32l4xx_it.c **** /**
 154:Src/stm32l4xx_it.c ****   * @brief  This function handles SysTick Handler.
 155:Src/stm32l4xx_it.c ****   * @param  None
 156:Src/stm32l4xx_it.c ****   * @retval None
 157:Src/stm32l4xx_it.c ****   */
 158:Src/stm32l4xx_it.c **** void SysTick_Handler(void)
 159:Src/stm32l4xx_it.c **** { 
 192              		.loc 1 159 0
 193              		.cfi_startproc
 194              		@ args = 0, pretend = 0, frame = 0
 195              		@ frame_needed = 0, uses_anonymous_args = 0
 196 0000 08B5     		push	{r3, lr}
 197              	.LCFI0:
 198              		.cfi_def_cfa_offset 8
 199              		.cfi_offset 3, -8
 200              		.cfi_offset 14, -4
ARM GAS  /tmp/ccQ4FwyB.s 			page 7


 160:Src/stm32l4xx_it.c ****   HAL_IncTick();
 201              		.loc 1 160 0
 202 0002 FFF7FEFF 		bl	HAL_IncTick
 203              	.LVL0:
 161:Src/stm32l4xx_it.c **** }
 204              		.loc 1 161 0
 205 0006 08BD     		pop	{r3, pc}
 206              		.cfi_endproc
 207              	.LFE136:
 209              		.text
 210              	.Letext0:
 211              		.file 2 "/opt/gcc-arm-none-eabi-7-2018-q2-update/arm-none-eabi/include/machine/_default_types.h"
 212              		.file 3 "/opt/gcc-arm-none-eabi-7-2018-q2-update/arm-none-eabi/include/sys/_stdint.h"
 213              		.file 4 "/opt/gcc-arm-none-eabi-7-2018-q2-update/arm-none-eabi/include/sys/lock.h"
 214              		.file 5 "/opt/gcc-arm-none-eabi-7-2018-q2-update/arm-none-eabi/include/sys/_types.h"
 215              		.file 6 "/opt/gcc-arm-none-eabi-7-2018-q2-update/lib/gcc/arm-none-eabi/7.3.1/include/stddef.h"
 216              		.file 7 "/opt/gcc-arm-none-eabi-7-2018-q2-update/arm-none-eabi/include/sys/reent.h"
 217              		.file 8 "Drivers/CMSIS/Include/core_cm4.h"
 218              		.file 9 "Drivers/CMSIS/Device/ST/STM32L4xx/Include/system_stm32l4xx.h"
 219              		.file 10 "Drivers/STM32L4xx_HAL_Driver/Inc/stm32l4xx_hal.h"
ARM GAS  /tmp/ccQ4FwyB.s 			page 8


DEFINED SYMBOLS
                            *ABS*:0000000000000000 stm32l4xx_it.c
     /tmp/ccQ4FwyB.s:18     .text.NMI_Handler:0000000000000000 $t
     /tmp/ccQ4FwyB.s:25     .text.NMI_Handler:0000000000000000 NMI_Handler
     /tmp/ccQ4FwyB.s:39     .text.HardFault_Handler:0000000000000000 $t
     /tmp/ccQ4FwyB.s:46     .text.HardFault_Handler:0000000000000000 HardFault_Handler
     /tmp/ccQ4FwyB.s:60     .text.MemManage_Handler:0000000000000000 $t
     /tmp/ccQ4FwyB.s:67     .text.MemManage_Handler:0000000000000000 MemManage_Handler
     /tmp/ccQ4FwyB.s:81     .text.BusFault_Handler:0000000000000000 $t
     /tmp/ccQ4FwyB.s:88     .text.BusFault_Handler:0000000000000000 BusFault_Handler
     /tmp/ccQ4FwyB.s:102    .text.UsageFault_Handler:0000000000000000 $t
     /tmp/ccQ4FwyB.s:109    .text.UsageFault_Handler:0000000000000000 UsageFault_Handler
     /tmp/ccQ4FwyB.s:123    .text.SVC_Handler:0000000000000000 $t
     /tmp/ccQ4FwyB.s:130    .text.SVC_Handler:0000000000000000 SVC_Handler
     /tmp/ccQ4FwyB.s:143    .text.DebugMon_Handler:0000000000000000 $t
     /tmp/ccQ4FwyB.s:150    .text.DebugMon_Handler:0000000000000000 DebugMon_Handler
     /tmp/ccQ4FwyB.s:163    .text.PendSV_Handler:0000000000000000 $t
     /tmp/ccQ4FwyB.s:170    .text.PendSV_Handler:0000000000000000 PendSV_Handler
     /tmp/ccQ4FwyB.s:183    .text.SysTick_Handler:0000000000000000 $t
     /tmp/ccQ4FwyB.s:190    .text.SysTick_Handler:0000000000000000 SysTick_Handler

UNDEFINED SYMBOLS
HAL_IncTick
